#
# There is insufficient memory for the Java Runtime Environment to continue.
# Native memory allocation (malloc) failed to allocate 65552 bytes for Chunk::new
# Possible reasons:
#   The system is out of physical RAM or swap space
#   The process is running with CompressedOops enabled, and the Java Heap may be blocking the growth of the native heap
# Possible solutions:
#   Reduce memory load on the system
#   Increase physical memory or swap space
#   Check if swap backing store is full
#   Decrease Java heap size (-Xmx/-Xms)
#   Decrease number of Java threads
#   Decrease Java thread stack sizes (-Xss)
#   Set larger code cache with -XX:ReservedCodeCacheSize=
#   JVM is running with Unscaled Compressed Oops mode in which the Java heap is
#     placed in the first 4GB address space. The Java Heap base address is the
#     maximum limit for the native heap growth. Please use -XX:HeapBaseMinAddress
#     to set the Java Heap base and to place the Java Heap above 4GB virtual address.
# This output file may be truncated or incomplete.
#
#  Out of Memory Error (arena.cpp:191), pid=19416, tid=18668
#
# JRE version: OpenJDK Runtime Environment (17.0.9) (build 17.0.9+0--11185874)
# Java VM: OpenJDK 64-Bit Server VM (17.0.9+0--11185874, mixed mode, tiered, compressed oops, compressed class ptrs, g1 gc, windows-amd64)
# No core dump will be written. Minidumps are not enabled by default on client versions of Windows
#

---------------  S U M M A R Y ------------

Command Line: --add-opens=java.base/java.util=ALL-UNNAMED --add-opens=java.base/java.lang=ALL-UNNAMED --add-opens=java.base/java.lang.invoke=ALL-UNNAMED --add-opens=java.prefs/java.util.prefs=ALL-UNNAMED --add-opens=java.base/java.nio.charset=ALL-UNNAMED --add-opens=java.base/java.net=ALL-UNNAMED --add-opens=java.base/java.util.concurrent.atomic=ALL-UNNAMED -Xmx2048m -Dfile.encoding=UTF-8 -Duser.country=IN -Duser.language=en -Duser.variant -javaagent:E:\BluetoothConnectivity-master\.gradle\wrapper\dists\gradle-8.5-bin\5t9huq95ubn472n8rpzujfbqh\gradle-8.5\lib\agents\gradle-instrumentation-agent-8.5.jar org.gradle.launcher.daemon.bootstrap.GradleDaemon 8.5

Host: Intel(R) Core(TM) i5-4200U CPU @ 1.60GHz, 4 cores, 7G,  Windows 10 , 64 bit Build 19041 (10.0.19041.5794)
Time: Thu May 29 13:36:04 2025 India Standard Time elapsed time: 281.019758 seconds (0d 0h 4m 41s)

---------------  T H R E A D  ---------------

Current thread (0x000001ff333d4330):  JavaThread "C2 CompilerThread0" daemon [_thread_in_native, id=18668, stack(0x0000007d74a00000,0x0000007d74b00000)]


Current CompileTask:
C2: 281019 11359       4       org.gradle.internal.file.FileHierarchySet$Node::contains (101 bytes)

Stack: [0x0000007d74a00000,0x0000007d74b00000]
Native frames: (J=compiled Java code, j=interpreted, Vv=VM code, C=native code)
V  [jvm.dll+0x6886e9]
V  [jvm.dll+0x841e4a]
V  [jvm.dll+0x843a8e]
V  [jvm.dll+0x8440f3]
V  [jvm.dll+0x24c14f]
V  [jvm.dll+0xac44c]
V  [jvm.dll+0xaca9c]
V  [jvm.dll+0xac55b]
V  [jvm.dll+0x665a6c]
V  [jvm.dll+0x75fb26]
V  [jvm.dll+0x5832e6]
V  [jvm.dll+0x583efb]
V  [jvm.dll+0x587d88]
V  [jvm.dll+0x5898cf]
V  [jvm.dll+0x58940d]
V  [jvm.dll+0x5892f0]
V  [jvm.dll+0x589479]
V  [jvm.dll+0x589479]
V  [jvm.dll+0x589479]
V  [jvm.dll+0x589479]
V  [jvm.dll+0x589479]
V  [jvm.dll+0x589479]
V  [jvm.dll+0x589479]
V  [jvm.dll+0x591024]
V  [jvm.dll+0x226762]
V  [jvm.dll+0x226b4f]
V  [jvm.dll+0x21fc76]
V  [jvm.dll+0x21d0c1]
V  [jvm.dll+0x1a674d]
V  [jvm.dll+0x22d088]
V  [jvm.dll+0x22b1c0]
V  [jvm.dll+0x7f62f7]
V  [jvm.dll+0x7f06aa]
V  [jvm.dll+0x687565]
C  [ucrtbase.dll+0x21bb2]
C  [KERNEL32.DLL+0x17374]
C  [ntdll.dll+0x4cc91]


---------------  P R O C E S S  ---------------

Threads class SMR info:
_java_thread_list=0x000001ff3dc3d7e0, length=55, elements={
0x000001ff19c7f2e0, 0x000001ff33287610, 0x000001ff3324ebe0, 0x000001ff33270670,
0x000001ff33273760, 0x000001ff33274030, 0x000001ff33274900, 0x000001ff333d4330,
0x000001ff333d6c50, 0x000001ff333d7d00, 0x000001ff334b5330, 0x000001ff337478e0,
0x000001ff39260c80, 0x000001ff38d78fa0, 0x000001ff39b69d10, 0x000001ff38a74440,
0x000001ff38a74920, 0x000001ff3a4aa5d0, 0x000001ff3a4eaaf0, 0x000001ff3a6a9ec0,
0x000001ff3a6aa3d0, 0x000001ff3a6a8f90, 0x000001ff3a6ab300, 0x000001ff3a6a8060,
0x000001ff3a6a8570, 0x000001ff3a6a8a80, 0x000001ff3a6a94a0, 0x000001ff3a6a99b0,
0x000001ff3aadf190, 0x000001ff3aade260, 0x000001ff3aae0ff0, 0x000001ff3aae2940,
0x000001ff3aadfbb0, 0x000001ff3aae2e50, 0x000001ff3aae00c0, 0x000001ff3aae05d0,
0x000001ff3aadc910, 0x000001ff3aadd840, 0x000001ff3aae1a10, 0x000001ff3aadec80,
0x000001ff3aaddd50, 0x000001ff3aadce20, 0x000001ff3aae3360, 0x000001ff3aadd330,
0x000001ff397f52e0, 0x000001ff397f3990, 0x000001ff397ef7c0, 0x000001ff397f1110,
0x000001ff397f57f0, 0x000001ff397f5d00, 0x000001ff397f2a60, 0x000001ff397f48c0,
0x000001ff397f43b0, 0x000001ff397f0c00, 0x000001ff397ee890
}

Java Threads: ( => current thread )
  0x000001ff19c7f2e0 JavaThread "main" [_thread_blocked, id=8044, stack(0x0000007d73d00000,0x0000007d73e00000)]
  0x000001ff33287610 JavaThread "Reference Handler" daemon [_thread_blocked, id=13744, stack(0x0000007d74400000,0x0000007d74500000)]
  0x000001ff3324ebe0 JavaThread "Finalizer" daemon [_thread_blocked, id=9960, stack(0x0000007d74500000,0x0000007d74600000)]
  0x000001ff33270670 JavaThread "Signal Dispatcher" daemon [_thread_blocked, id=10488, stack(0x0000007d74600000,0x0000007d74700000)]
  0x000001ff33273760 JavaThread "Attach Listener" daemon [_thread_blocked, id=19228, stack(0x0000007d74700000,0x0000007d74800000)]
  0x000001ff33274030 JavaThread "Service Thread" daemon [_thread_blocked, id=18520, stack(0x0000007d74800000,0x0000007d74900000)]
  0x000001ff33274900 JavaThread "Monitor Deflation Thread" daemon [_thread_blocked, id=16560, stack(0x0000007d74900000,0x0000007d74a00000)]
=>0x000001ff333d4330 JavaThread "C2 CompilerThread0" daemon [_thread_in_native, id=18668, stack(0x0000007d74a00000,0x0000007d74b00000)]
  0x000001ff333d6c50 JavaThread "C1 CompilerThread0" daemon [_thread_blocked, id=2532, stack(0x0000007d74b00000,0x0000007d74c00000)]
  0x000001ff333d7d00 JavaThread "Sweeper thread" daemon [_thread_blocked, id=8888, stack(0x0000007d74c00000,0x0000007d74d00000)]
  0x000001ff334b5330 JavaThread "Common-Cleaner" daemon [_thread_blocked, id=8228, stack(0x0000007d74d00000,0x0000007d74e00000)]
  0x000001ff337478e0 JavaThread "Notification Thread" daemon [_thread_blocked, id=17864, stack(0x0000007d74e00000,0x0000007d74f00000)]
  0x000001ff39260c80 JavaThread "Daemon health stats" [_thread_blocked, id=5416, stack(0x0000007d75400000,0x0000007d75500000)]
  0x000001ff38d78fa0 JavaThread "Incoming local TCP Connector on port 54829" [_thread_in_native, id=8072, stack(0x0000007d75000000,0x0000007d75100000)]
  0x000001ff39b69d10 JavaThread "Daemon periodic checks" [_thread_blocked, id=10692, stack(0x0000007d75500000,0x0000007d75600000)]
  0x000001ff38a74440 JavaThread "Daemon" [_thread_blocked, id=232, stack(0x0000007d75600000,0x0000007d75700000)]
  0x000001ff38a74920 JavaThread "Handler for socket connection from /127.0.0.1:54829 to /127.0.0.1:54830" [_thread_in_native, id=17428, stack(0x0000007d75700000,0x0000007d75800000)]
  0x000001ff3a4aa5d0 JavaThread "Cancel handler" [_thread_blocked, id=9612, stack(0x0000007d75800000,0x0000007d75900000)]
  0x000001ff3a4eaaf0 JavaThread "Daemon worker" [_thread_blocked, id=14356, stack(0x0000007d75900000,0x0000007d75a00000)]
  0x000001ff3a6a9ec0 JavaThread "Asynchronous log dispatcher for DefaultDaemonConnection: socket connection from /127.0.0.1:54829 to /127.0.0.1:54830" [_thread_blocked, id=18328, stack(0x0000007d75a00000,0x0000007d75b00000)]
  0x000001ff3a6aa3d0 JavaThread "Daemon client event forwarder" [_thread_blocked, id=12648, stack(0x0000007d75c00000,0x0000007d75d00000)]
  0x000001ff3a6a8f90 JavaThread "Cache worker for journal cache (E:\BluetoothConnectivity-master\.gradle\caches\journal-1)" [_thread_blocked, id=7036, stack(0x0000007d75d00000,0x0000007d75e00000)]
  0x000001ff3a6ab300 JavaThread "File lock request listener" [_thread_in_native, id=11036, stack(0x0000007d75e00000,0x0000007d75f00000)]
  0x000001ff3a6a8060 JavaThread "Cache worker for file hash cache (E:\BluetoothConnectivity-master\.gradle\caches\8.5\fileHashes)" [_thread_blocked, id=16896, stack(0x0000007d75f00000,0x0000007d76000000)]
  0x000001ff3a6a8570 JavaThread "File watcher server" daemon [_thread_in_native, id=14620, stack(0x0000007d76100000,0x0000007d76200000)]
  0x000001ff3a6a8a80 JavaThread "File watcher consumer" daemon [_thread_blocked, id=8676, stack(0x0000007d76200000,0x0000007d76300000)]
  0x000001ff3a6a94a0 JavaThread "jar transforms" [_thread_blocked, id=5372, stack(0x0000007d76300000,0x0000007d76400000)]
  0x000001ff3a6a99b0 JavaThread "jar transforms Thread 2" [_thread_blocked, id=9940, stack(0x0000007d76400000,0x0000007d76500000)]
  0x000001ff3aadf190 JavaThread "jar transforms Thread 3" [_thread_blocked, id=15316, stack(0x0000007d76500000,0x0000007d76600000)]
  0x000001ff3aade260 JavaThread "jar transforms Thread 4" [_thread_blocked, id=17820, stack(0x0000007d76600000,0x0000007d76700000)]
  0x000001ff3aae0ff0 JavaThread "Cache worker for checksums cache (E:\Android_project\HeartRate2\.gradle\8.5\checksums)" [_thread_blocked, id=11212, stack(0x0000007d76700000,0x0000007d76800000)]
  0x000001ff3aae2940 JavaThread "Cache worker for file hash cache (E:\Android_project\HeartRate2\.gradle\8.5\fileHashes)" [_thread_blocked, id=8760, stack(0x0000007d76800000,0x0000007d76900000)]
  0x000001ff3aadfbb0 JavaThread "Cache worker for cache directory md-supplier (E:\BluetoothConnectivity-master\.gradle\caches\8.5\md-supplier)" [_thread_blocked, id=19116, stack(0x0000007d76900000,0x0000007d76a00000)]
  0x000001ff3aae2e50 JavaThread "Cache worker for cache directory md-rule (E:\BluetoothConnectivity-master\.gradle\caches\8.5\md-rule)" [_thread_blocked, id=18672, stack(0x0000007d76a00000,0x0000007d76b00000)]
  0x000001ff3aae00c0 JavaThread "Cache worker for file content cache (E:\BluetoothConnectivity-master\.gradle\caches\8.5\fileContent)" [_thread_blocked, id=10640, stack(0x0000007d76b00000,0x0000007d76c00000)]
  0x000001ff3aae05d0 JavaThread "Cache worker for execution history cache (E:\BluetoothConnectivity-master\.gradle\caches\8.5\executionHistory)" [_thread_blocked, id=9052, stack(0x0000007d76c00000,0x0000007d76d00000)]
  0x000001ff3aadc910 JavaThread "Cache worker for kotlin-dsl (E:\BluetoothConnectivity-master\.gradle\caches\8.5\kotlin-dsl)" [_thread_blocked, id=7232, stack(0x0000007d76d00000,0x0000007d76e00000)]
  0x000001ff3aadd840 JavaThread "Cache worker for dependencies-accessors (E:\Android_project\HeartRate2\.gradle\8.5\dependencies-accessors)" [_thread_blocked, id=16588, stack(0x0000007d76e00000,0x0000007d76f00000)]
  0x000001ff3aae1a10 JavaThread "Cache worker for Build Output Cleanup Cache (E:\Android_project\HeartRate2\.gradle\buildOutputCleanup)" [_thread_blocked, id=15836, stack(0x0000007d76f00000,0x0000007d77000000)]
  0x000001ff3aadec80 JavaThread "Unconstrained build operations" [_thread_blocked, id=15676, stack(0x0000007d77000000,0x0000007d77100000)]
  0x000001ff3aaddd50 JavaThread "Unconstrained build operations Thread 2" [_thread_blocked, id=18112, stack(0x0000007d77100000,0x0000007d77200000)]
  0x000001ff3aadce20 JavaThread "Unconstrained build operations Thread 3" [_thread_blocked, id=4804, stack(0x0000007d77200000,0x0000007d77300000)]
  0x000001ff3aae3360 JavaThread "Memory manager" [_thread_blocked, id=8396, stack(0x0000007d76000000,0x0000007d76100000)]
  0x000001ff3aadd330 JavaThread "build event listener" [_thread_blocked, id=17216, stack(0x0000007d77400000,0x0000007d77500000)]
  0x000001ff397f52e0 JavaThread "Execution worker" [_thread_blocked, id=7416, stack(0x0000007d77700000,0x0000007d77800000)]
  0x000001ff397f3990 JavaThread "Execution worker Thread 2" [_thread_blocked, id=13908, stack(0x0000007d77800000,0x0000007d77900000)]
  0x000001ff397ef7c0 JavaThread "Execution worker Thread 3" [_thread_blocked, id=12736, stack(0x0000007d77900000,0x0000007d77a00000)]
  0x000001ff397f1110 JavaThread "Cache worker for execution history cache (E:\Android_project\HeartRate2\.gradle\8.5\executionHistory)" [_thread_blocked, id=11240, stack(0x0000007d77a00000,0x0000007d77b00000)]
  0x000001ff397f57f0 JavaThread "idea-tooling-model-converter" [_thread_blocked, id=488, stack(0x0000007d77b00000,0x0000007d77c00000)]
  0x000001ff397f5d00 JavaThread "Unconstrained build operations Thread 4" [_thread_blocked, id=5832, stack(0x0000007d77c00000,0x0000007d77d00000)]
  0x000001ff397f2a60 JavaThread "Kotlin DSL Writer" [_thread_blocked, id=11292, stack(0x0000007d73b00000,0x0000007d73c00000)]
  0x000001ff397f48c0 JavaThread "Unconstrained build operations Thread 5" [_thread_blocked, id=4332, stack(0x0000007d73c00000,0x0000007d73d00000)]
  0x000001ff397f43b0 JavaThread "Unconstrained build operations Thread 6" [_thread_blocked, id=3500, stack(0x0000007d73a00000,0x0000007d73b00000)]
  0x000001ff397f0c00 JavaThread "File lock release action executor Thread 2" [_thread_blocked, id=15448, stack(0x0000007d75b00000,0x0000007d75c00000)]
  0x000001ff397ee890 JavaThread "Unconstrained build operations Thread 7" [_thread_blocked, id=13368, stack(0x0000007d77500000,0x0000007d77600000)]

Other Threads:
  0x000001ff331ff400 VMThread "VM Thread" [stack: 0x0000007d74300000,0x0000007d74400000] [id=4308]
  0x000001ff33630c00 WatcherThread [stack: 0x0000007d74f00000,0x0000007d75000000] [id=7868]
  0x000001ff19cd98c0 GCTaskThread "GC Thread#0" [stack: 0x0000007d73e00000,0x0000007d73f00000] [id=4864]
  0x000001ff384fe6c0 GCTaskThread "GC Thread#1" [stack: 0x0000007d75100000,0x0000007d75200000] [id=18948]
  0x000001ff38473430 GCTaskThread "GC Thread#2" [stack: 0x0000007d75200000,0x0000007d75300000] [id=14396]
  0x000001ff38fe4500 GCTaskThread "GC Thread#3" [stack: 0x0000007d75300000,0x0000007d75400000] [id=10304]
  0x000001ff19cea720 ConcurrentGCThread "G1 Main Marker" [stack: 0x0000007d73f00000,0x0000007d74000000] [id=9504]
  0x000001ff19cec060 ConcurrentGCThread "G1 Conc#0" [stack: 0x0000007d74000000,0x0000007d74100000] [id=7336]
  0x000001ff19d3eae0 ConcurrentGCThread "G1 Refine#0" [stack: 0x0000007d74100000,0x0000007d74200000] [id=8528]
  0x000001ff330b4a10 ConcurrentGCThread "G1 Service" [stack: 0x0000007d74200000,0x0000007d74300000] [id=10224]

Threads with active compile tasks:
C2 CompilerThread0   281124 11359       4       org.gradle.internal.file.FileHierarchySet$Node::contains (101 bytes)

VM state: not at safepoint (normal execution)

VM Mutex/Monitor currently owned by a thread: None

Heap address: 0x0000000080000000, size: 2048 MB, Compressed Oops mode: 32-bit

CDS archive(s) not mapped
Compressed class space mapped at: 0x0000000100000000-0x0000000140000000, reserved size: 1073741824
Narrow klass base: 0x0000000000000000, Narrow klass shift: 3, Narrow klass range: 0x140000000

GC Precious Log:
 CPUs: 4 total, 4 available
 Memory: 8113M
 Large Page Support: Disabled
 NUMA Support: Disabled
 Compressed Oops: Enabled (32-bit)
 Heap Region Size: 1M
 Heap Min Capacity: 8M
 Heap Initial Capacity: 128M
 Heap Max Capacity: 2G
 Pre-touch: Disabled
 Parallel Workers: 4
 Concurrent Workers: 1
 Concurrent Refinement Workers: 4
 Periodic GC: Disabled

Heap:
 garbage-first heap   total 225280K, used 136360K [0x0000000080000000, 0x0000000100000000)
  region size 1024K, 11 young (11264K), 3 survivors (3072K)
 Metaspace       used 114791K, committed 115712K, reserved 1179648K
  class space    used 16106K, committed 16576K, reserved 1048576K

Heap Regions: E=young(eden), S=young(survivor), O=old, HS=humongous(starts), HC=humongous(continues), CS=collection set, F=free, OA=open archive, CA=closed archive, TAMS=top-at-mark-start (previous, next)
|   0|0x0000000080000000, 0x0000000080100000, 0x0000000080100000|100%| O|  |TAMS 0x0000000080100000, 0x0000000080000000| Untracked 
|   1|0x0000000080100000, 0x0000000080200000, 0x0000000080200000|100%| O|  |TAMS 0x0000000080200000, 0x0000000080100000| Untracked 
|   2|0x0000000080200000, 0x0000000080300000, 0x0000000080300000|100%|HS|  |TAMS 0x0000000080300000, 0x0000000080200000| Complete 
|   3|0x0000000080300000, 0x0000000080400000, 0x0000000080400000|100%|HC|  |TAMS 0x0000000080400000, 0x0000000080300000| Complete 
|   4|0x0000000080400000, 0x0000000080500000, 0x0000000080500000|100%|HC|  |TAMS 0x0000000080500000, 0x0000000080400000| Complete 
|   5|0x0000000080500000, 0x0000000080600000, 0x0000000080600000|100%|HC|  |TAMS 0x0000000080600000, 0x0000000080500000| Complete 
|   6|0x0000000080600000, 0x0000000080700000, 0x0000000080700000|100%| O|  |TAMS 0x0000000080700000, 0x0000000080600000| Untracked 
|   7|0x0000000080700000, 0x0000000080800000, 0x0000000080800000|100%| O|  |TAMS 0x0000000080800000, 0x0000000080700000| Untracked 
|   8|0x0000000080800000, 0x0000000080900000, 0x0000000080900000|100%| O|  |TAMS 0x0000000080900000, 0x0000000080800000| Untracked 
|   9|0x0000000080900000, 0x0000000080a00000, 0x0000000080a00000|100%| O|  |TAMS 0x0000000080a00000, 0x0000000080900000| Untracked 
|  10|0x0000000080a00000, 0x0000000080b00000, 0x0000000080b00000|100%| O|  |TAMS 0x0000000080b00000, 0x0000000080a00000| Untracked 
|  11|0x0000000080b00000, 0x0000000080c00000, 0x0000000080c00000|100%| O|  |TAMS 0x0000000080c00000, 0x0000000080b00000| Untracked 
|  12|0x0000000080c00000, 0x0000000080d00000, 0x0000000080d00000|100%| O|  |TAMS 0x0000000080d00000, 0x0000000080c00000| Untracked 
|  13|0x0000000080d00000, 0x0000000080e00000, 0x0000000080e00000|100%| O|  |TAMS 0x0000000080e00000, 0x0000000080d00000| Untracked 
|  14|0x0000000080e00000, 0x0000000080f00000, 0x0000000080f00000|100%| O|  |TAMS 0x0000000080f00000, 0x0000000080e00000| Untracked 
|  15|0x0000000080f00000, 0x0000000081000000, 0x0000000081000000|100%| O|  |TAMS 0x0000000081000000, 0x0000000080f00000| Untracked 
|  16|0x0000000081000000, 0x0000000081100000, 0x0000000081100000|100%| O|  |TAMS 0x0000000081100000, 0x0000000081000000| Untracked 
|  17|0x0000000081100000, 0x0000000081200000, 0x0000000081200000|100%| O|  |TAMS 0x0000000081200000, 0x0000000081100000| Untracked 
|  18|0x0000000081200000, 0x0000000081300000, 0x0000000081300000|100%| O|  |TAMS 0x0000000081300000, 0x0000000081200000| Untracked 
|  19|0x0000000081300000, 0x0000000081400000, 0x0000000081400000|100%| O|  |TAMS 0x0000000081400000, 0x0000000081300000| Untracked 
|  20|0x0000000081400000, 0x0000000081500000, 0x0000000081500000|100%| O|  |TAMS 0x0000000081500000, 0x0000000081400000| Untracked 
|  21|0x0000000081500000, 0x0000000081500000, 0x0000000081600000|  0%| F|  |TAMS 0x0000000081500000, 0x0000000081500000| Untracked 
|  22|0x0000000081600000, 0x0000000081700000, 0x0000000081700000|100%|HS|  |TAMS 0x0000000081700000, 0x0000000081600000| Complete 
|  23|0x0000000081700000, 0x0000000081800000, 0x0000000081800000|100%|HC|  |TAMS 0x0000000081800000, 0x0000000081700000| Complete 
|  24|0x0000000081800000, 0x0000000081900000, 0x0000000081900000|100%|HS|  |TAMS 0x0000000081900000, 0x0000000081800000| Complete 
|  25|0x0000000081900000, 0x0000000081a00000, 0x0000000081a00000|100%|HC|  |TAMS 0x0000000081a00000, 0x0000000081900000| Complete 
|  26|0x0000000081a00000, 0x0000000081b00000, 0x0000000081b00000|100%|HC|  |TAMS 0x0000000081b00000, 0x0000000081a00000| Complete 
|  27|0x0000000081b00000, 0x0000000081c00000, 0x0000000081c00000|100%|HS|  |TAMS 0x0000000081c00000, 0x0000000081b00000| Complete 
|  28|0x0000000081c00000, 0x0000000081d00000, 0x0000000081d00000|100%|HC|  |TAMS 0x0000000081d00000, 0x0000000081c00000| Complete 
|  29|0x0000000081d00000, 0x0000000081e00000, 0x0000000081e00000|100%|HC|  |TAMS 0x0000000081e00000, 0x0000000081d00000| Complete 
|  30|0x0000000081e00000, 0x0000000081f00000, 0x0000000081f00000|100%|HS|  |TAMS 0x0000000081f00000, 0x0000000081e00000| Complete 
|  31|0x0000000081f00000, 0x0000000082000000, 0x0000000082000000|100%|HC|  |TAMS 0x0000000082000000, 0x0000000081f00000| Complete 
|  32|0x0000000082000000, 0x0000000082100000, 0x0000000082100000|100%|HC|  |TAMS 0x0000000082100000, 0x0000000082000000| Complete 
|  33|0x0000000082100000, 0x0000000082200000, 0x0000000082200000|100%| O|  |TAMS 0x0000000082200000, 0x0000000082100000| Untracked 
|  34|0x0000000082200000, 0x0000000082300000, 0x0000000082300000|100%| O|  |TAMS 0x0000000082300000, 0x0000000082200000| Untracked 
|  35|0x0000000082300000, 0x0000000082400000, 0x0000000082400000|100%| O|  |TAMS 0x0000000082400000, 0x0000000082300000| Untracked 
|  36|0x0000000082400000, 0x0000000082500000, 0x0000000082500000|100%| O|  |TAMS 0x0000000082500000, 0x0000000082400000| Untracked 
|  37|0x0000000082500000, 0x0000000082600000, 0x0000000082600000|100%| O|  |TAMS 0x0000000082600000, 0x0000000082500000| Complete 
|  38|0x0000000082600000, 0x0000000082700000, 0x0000000082700000|100%| O|  |TAMS 0x0000000082700000, 0x0000000082600000| Untracked 
|  39|0x0000000082700000, 0x0000000082800000, 0x0000000082800000|100%| O|  |TAMS 0x0000000082800000, 0x0000000082700000| Untracked 
|  40|0x0000000082800000, 0x0000000082900000, 0x0000000082900000|100%| O|  |TAMS 0x0000000082900000, 0x0000000082800000| Untracked 
|  41|0x0000000082900000, 0x0000000082a00000, 0x0000000082a00000|100%| O|  |TAMS 0x0000000082a00000, 0x0000000082900000| Untracked 
|  42|0x0000000082a00000, 0x0000000082b00000, 0x0000000082b00000|100%| O|  |TAMS 0x0000000082b00000, 0x0000000082a00000| Untracked 
|  43|0x0000000082b00000, 0x0000000082c00000, 0x0000000082c00000|100%| O|  |TAMS 0x0000000082c00000, 0x0000000082b00000| Untracked 
|  44|0x0000000082c00000, 0x0000000082d00000, 0x0000000082d00000|100%| O|  |TAMS 0x0000000082d00000, 0x0000000082c00000| Untracked 
|  45|0x0000000082d00000, 0x0000000082e00000, 0x0000000082e00000|100%|HS|  |TAMS 0x0000000082e00000, 0x0000000082d00000| Complete 
|  46|0x0000000082e00000, 0x0000000082f00000, 0x0000000082f00000|100%|HC|  |TAMS 0x0000000082f00000, 0x0000000082e00000| Complete 
|  47|0x0000000082f00000, 0x0000000083000000, 0x0000000083000000|100%|HC|  |TAMS 0x0000000083000000, 0x0000000082f00000| Complete 
|  48|0x0000000083000000, 0x0000000083100000, 0x0000000083100000|100%| O|  |TAMS 0x0000000083100000, 0x0000000083000000| Untracked 
|  49|0x0000000083100000, 0x0000000083200000, 0x0000000083200000|100%| O|  |TAMS 0x0000000083200000, 0x0000000083100000| Untracked 
|  50|0x0000000083200000, 0x0000000083300000, 0x0000000083300000|100%| O|  |TAMS 0x0000000083300000, 0x0000000083200000| Untracked 
|  51|0x0000000083300000, 0x0000000083400000, 0x0000000083400000|100%| O|  |TAMS 0x0000000083400000, 0x0000000083300000| Untracked 
|  52|0x0000000083400000, 0x0000000083500000, 0x0000000083500000|100%| O|  |TAMS 0x0000000083500000, 0x0000000083400000| Untracked 
|  53|0x0000000083500000, 0x0000000083600000, 0x0000000083600000|100%| O|  |TAMS 0x0000000083600000, 0x0000000083500000| Untracked 
|  54|0x0000000083600000, 0x0000000083700000, 0x0000000083700000|100%| O|  |TAMS 0x0000000083700000, 0x0000000083600000| Untracked 
|  55|0x0000000083700000, 0x0000000083800000, 0x0000000083800000|100%| O|  |TAMS 0x0000000083800000, 0x0000000083700000| Untracked 
|  56|0x0000000083800000, 0x0000000083900000, 0x0000000083900000|100%|HS|  |TAMS 0x0000000083900000, 0x0000000083800000| Complete 
|  57|0x0000000083900000, 0x0000000083a00000, 0x0000000083a00000|100%|HS|  |TAMS 0x0000000083a00000, 0x0000000083900000| Complete 
|  58|0x0000000083a00000, 0x0000000083b00000, 0x0000000083b00000|100%|HS|  |TAMS 0x0000000083b00000, 0x0000000083a00000| Complete 
|  59|0x0000000083b00000, 0x0000000083c00000, 0x0000000083c00000|100%|HC|  |TAMS 0x0000000083c00000, 0x0000000083b00000| Complete 
|  60|0x0000000083c00000, 0x0000000083d00000, 0x0000000083d00000|100%|HS|  |TAMS 0x0000000083d00000, 0x0000000083c00000| Complete 
|  61|0x0000000083d00000, 0x0000000083e00000, 0x0000000083e00000|100%|HC|  |TAMS 0x0000000083e00000, 0x0000000083d00000| Complete 
|  62|0x0000000083e00000, 0x0000000083f00000, 0x0000000083f00000|100%|HS|  |TAMS 0x0000000083f00000, 0x0000000083e00000| Complete 
|  63|0x0000000083f00000, 0x0000000084000000, 0x0000000084000000|100%|HS|  |TAMS 0x0000000084000000, 0x0000000083f00000| Complete 
|  64|0x0000000084000000, 0x0000000084100000, 0x0000000084100000|100%| O|  |TAMS 0x0000000084100000, 0x0000000084000000| Untracked 
|  65|0x0000000084100000, 0x0000000084200000, 0x0000000084200000|100%|HS|  |TAMS 0x0000000084200000, 0x0000000084100000| Complete 
|  66|0x0000000084200000, 0x0000000084300000, 0x0000000084300000|100%| O|  |TAMS 0x0000000084300000, 0x0000000084200000| Untracked 
|  67|0x0000000084300000, 0x0000000084400000, 0x0000000084400000|100%|HS|  |TAMS 0x0000000084400000, 0x0000000084300000| Complete 
|  68|0x0000000084400000, 0x0000000084500000, 0x0000000084500000|100%|HC|  |TAMS 0x0000000084500000, 0x0000000084400000| Complete 
|  69|0x0000000084500000, 0x0000000084600000, 0x0000000084600000|100%|HC|  |TAMS 0x0000000084600000, 0x0000000084500000| Complete 
|  70|0x0000000084600000, 0x0000000084700000, 0x0000000084700000|100%|HC|  |TAMS 0x0000000084700000, 0x0000000084600000| Complete 
|  71|0x0000000084700000, 0x0000000084800000, 0x0000000084800000|100%|HS|  |TAMS 0x0000000084800000, 0x0000000084700000| Complete 
|  72|0x0000000084800000, 0x0000000084900000, 0x0000000084900000|100%|HC|  |TAMS 0x0000000084900000, 0x0000000084800000| Complete 
|  73|0x0000000084900000, 0x0000000084a00000, 0x0000000084a00000|100%|HC|  |TAMS 0x0000000084a00000, 0x0000000084900000| Complete 
|  74|0x0000000084a00000, 0x0000000084b00000, 0x0000000084b00000|100%|HC|  |TAMS 0x0000000084b00000, 0x0000000084a00000| Complete 
|  75|0x0000000084b00000, 0x0000000084c00000, 0x0000000084c00000|100%| O|  |TAMS 0x0000000084c00000, 0x0000000084b00000| Untracked 
|  76|0x0000000084c00000, 0x0000000084d00000, 0x0000000084d00000|100%| O|  |TAMS 0x0000000084d00000, 0x0000000084c00000| Untracked 
|  77|0x0000000084d00000, 0x0000000084e00000, 0x0000000084e00000|100%| O|  |TAMS 0x0000000084e00000, 0x0000000084d00000| Untracked 
|  78|0x0000000084e00000, 0x0000000084f00000, 0x0000000084f00000|100%| O|  |TAMS 0x0000000084f00000, 0x0000000084e00000| Untracked 
|  79|0x0000000084f00000, 0x0000000085000000, 0x0000000085000000|100%| O|  |TAMS 0x0000000085000000, 0x0000000084f00000| Untracked 
|  80|0x0000000085000000, 0x0000000085100000, 0x0000000085100000|100%| O|  |TAMS 0x0000000085100000, 0x0000000085000000| Untracked 
|  81|0x0000000085100000, 0x0000000085200000, 0x0000000085200000|100%| O|  |TAMS 0x0000000085200000, 0x0000000085100000| Untracked 
|  82|0x0000000085200000, 0x0000000085200000, 0x0000000085300000|  0%| F|  |TAMS 0x0000000085200000, 0x0000000085200000| Untracked 
|  83|0x0000000085300000, 0x0000000085400000, 0x0000000085400000|100%| O|  |TAMS 0x0000000085400000, 0x0000000085300000| Untracked 
|  84|0x0000000085400000, 0x0000000085500000, 0x0000000085500000|100%| O|  |TAMS 0x0000000085500000, 0x0000000085400000| Untracked 
|  85|0x0000000085500000, 0x0000000085600000, 0x0000000085600000|100%| O|  |TAMS 0x0000000085600000, 0x0000000085500000| Untracked 
|  86|0x0000000085600000, 0x0000000085700000, 0x0000000085700000|100%| O|  |TAMS 0x0000000085700000, 0x0000000085600000| Untracked 
|  87|0x0000000085700000, 0x0000000085800000, 0x0000000085800000|100%| O|  |TAMS 0x0000000085800000, 0x0000000085700000| Untracked 
|  88|0x0000000085800000, 0x0000000085900000, 0x0000000085900000|100%| O|  |TAMS 0x0000000085900000, 0x0000000085800000| Untracked 
|  89|0x0000000085900000, 0x0000000085a00000, 0x0000000085a00000|100%| O|  |TAMS 0x0000000085a00000, 0x0000000085900000| Untracked 
|  90|0x0000000085a00000, 0x0000000085b00000, 0x0000000085b00000|100%| O|  |TAMS 0x0000000085b00000, 0x0000000085a00000| Untracked 
|  91|0x0000000085b00000, 0x0000000085c00000, 0x0000000085c00000|100%| O|  |TAMS 0x0000000085c00000, 0x0000000085b00000| Untracked 
|  92|0x0000000085c00000, 0x0000000085d00000, 0x0000000085d00000|100%| O|  |TAMS 0x0000000085d00000, 0x0000000085c00000| Complete 
|  93|0x0000000085d00000, 0x0000000085e00000, 0x0000000085e00000|100%| O|  |TAMS 0x0000000085e00000, 0x0000000085d00000| Untracked 
|  94|0x0000000085e00000, 0x0000000085f00000, 0x0000000085f00000|100%| O|  |TAMS 0x0000000085f00000, 0x0000000085e00000| Untracked 
|  95|0x0000000085f00000, 0x0000000086000000, 0x0000000086000000|100%| O|  |TAMS 0x0000000086000000, 0x0000000085f00000| Untracked 
|  96|0x0000000086000000, 0x0000000086100000, 0x0000000086100000|100%| O|  |TAMS 0x0000000086100000, 0x0000000086000000| Untracked 
|  97|0x0000000086100000, 0x0000000086200000, 0x0000000086200000|100%| O|  |TAMS 0x0000000086200000, 0x0000000086100000| Untracked 
|  98|0x0000000086200000, 0x0000000086300000, 0x0000000086300000|100%| O|  |TAMS 0x0000000086300000, 0x0000000086200000| Untracked 
|  99|0x0000000086300000, 0x0000000086400000, 0x0000000086400000|100%| O|  |TAMS 0x0000000086400000, 0x0000000086300000| Untracked 
| 100|0x0000000086400000, 0x0000000086500000, 0x0000000086500000|100%| O|  |TAMS 0x0000000086500000, 0x0000000086400000| Untracked 
| 101|0x0000000086500000, 0x0000000086600000, 0x0000000086600000|100%| O|  |TAMS 0x0000000086600000, 0x0000000086500000| Untracked 
| 102|0x0000000086600000, 0x0000000086700000, 0x0000000086700000|100%| O|  |TAMS 0x0000000086700000, 0x0000000086600000| Untracked 
| 103|0x0000000086700000, 0x0000000086800000, 0x0000000086800000|100%| O|  |TAMS 0x0000000086800000, 0x0000000086700000| Untracked 
| 104|0x0000000086800000, 0x0000000086900000, 0x0000000086900000|100%|HS|  |TAMS 0x0000000086900000, 0x0000000086800000| Complete 
| 105|0x0000000086900000, 0x0000000086a00000, 0x0000000086a00000|100%|HC|  |TAMS 0x0000000086a00000, 0x0000000086900000| Complete 
| 106|0x0000000086a00000, 0x0000000086b00000, 0x0000000086b00000|100%|HS|  |TAMS 0x0000000086b00000, 0x0000000086a00000| Complete 
| 107|0x0000000086b00000, 0x0000000086c00000, 0x0000000086c00000|100%|HC|  |TAMS 0x0000000086c00000, 0x0000000086b00000| Complete 
| 108|0x0000000086c00000, 0x0000000086d00000, 0x0000000086d00000|100%|HC|  |TAMS 0x0000000086d00000, 0x0000000086c00000| Complete 
| 109|0x0000000086d00000, 0x0000000086e00000, 0x0000000086e00000|100%|HS|  |TAMS 0x0000000086e00000, 0x0000000086d00000| Complete 
| 110|0x0000000086e00000, 0x0000000086f00000, 0x0000000086f00000|100%|HC|  |TAMS 0x0000000086f00000, 0x0000000086e00000| Complete 
| 111|0x0000000086f00000, 0x0000000087000000, 0x0000000087000000|100%|HC|  |TAMS 0x0000000087000000, 0x0000000086f00000| Complete 
| 112|0x0000000087000000, 0x0000000087100000, 0x0000000087100000|100%|HS|  |TAMS 0x0000000087100000, 0x0000000087000000| Complete 
| 113|0x0000000087100000, 0x0000000087200000, 0x0000000087200000|100%|HC|  |TAMS 0x0000000087200000, 0x0000000087100000| Complete 
| 114|0x0000000087200000, 0x0000000087300000, 0x0000000087300000|100%|HC|  |TAMS 0x0000000087300000, 0x0000000087200000| Complete 
| 115|0x0000000087300000, 0x0000000087400000, 0x0000000087400000|100%| O|  |TAMS 0x0000000087400000, 0x0000000087300000| Untracked 
| 116|0x0000000087400000, 0x0000000087500000, 0x0000000087500000|100%| O|  |TAMS 0x0000000087500000, 0x0000000087400000| Untracked 
| 117|0x0000000087500000, 0x0000000087500000, 0x0000000087600000|  0%| F|  |TAMS 0x0000000087500000, 0x0000000087500000| Untracked 
| 118|0x0000000087600000, 0x0000000087700000, 0x0000000087700000|100%| O|  |TAMS 0x0000000087700000, 0x0000000087600000| Untracked 
| 119|0x0000000087700000, 0x0000000087800000, 0x0000000087800000|100%| O|  |TAMS 0x0000000087800000, 0x0000000087700000| Untracked 
| 120|0x0000000087800000, 0x0000000087900000, 0x0000000087900000|100%| O|  |TAMS 0x0000000087900000, 0x0000000087800000| Untracked 
| 121|0x0000000087900000, 0x0000000087a00000, 0x0000000087a00000|100%| O|  |TAMS 0x0000000087a00000, 0x0000000087900000| Untracked 
| 122|0x0000000087a00000, 0x0000000087b00000, 0x0000000087b00000|100%| O|  |TAMS 0x0000000087b00000, 0x0000000087a00000| Untracked 
| 123|0x0000000087b00000, 0x0000000087c00000, 0x0000000087c00000|100%| O|  |TAMS 0x0000000087c00000, 0x0000000087b00000| Untracked 
| 124|0x0000000087c00000, 0x0000000087d00000, 0x0000000087d00000|100%| O|  |TAMS 0x0000000087d00000, 0x0000000087c00000| Untracked 
| 125|0x0000000087d00000, 0x0000000087d00000, 0x0000000087e00000|  0%| F|  |TAMS 0x0000000087d00000, 0x0000000087d00000| Untracked 
| 126|0x0000000087e00000, 0x0000000087f00000, 0x0000000087f00000|100%| O|  |TAMS 0x0000000087f00000, 0x0000000087e00000| Untracked 
| 127|0x0000000087f00000, 0x0000000087f6f200, 0x0000000088000000| 43%| O|  |TAMS 0x0000000087f6f200, 0x0000000087f00000| Untracked 
| 128|0x0000000088000000, 0x0000000088000000, 0x0000000088100000|  0%| F|  |TAMS 0x0000000088000000, 0x0000000088000000| Untracked 
| 129|0x0000000088100000, 0x0000000088100000, 0x0000000088200000|  0%| F|  |TAMS 0x0000000088100000, 0x0000000088100000| Untracked 
| 130|0x0000000088200000, 0x0000000088200000, 0x0000000088300000|  0%| F|  |TAMS 0x0000000088200000, 0x0000000088200000| Untracked 
| 131|0x0000000088300000, 0x0000000088300000, 0x0000000088400000|  0%| F|  |TAMS 0x0000000088300000, 0x0000000088300000| Untracked 
| 132|0x0000000088400000, 0x0000000088400000, 0x0000000088500000|  0%| F|  |TAMS 0x0000000088400000, 0x0000000088400000| Untracked 
| 133|0x0000000088500000, 0x0000000088500000, 0x0000000088600000|  0%| F|  |TAMS 0x0000000088500000, 0x0000000088500000| Untracked 
| 134|0x0000000088600000, 0x0000000088600000, 0x0000000088700000|  0%| F|  |TAMS 0x0000000088600000, 0x0000000088600000| Untracked 
| 135|0x0000000088700000, 0x0000000088700000, 0x0000000088800000|  0%| F|  |TAMS 0x0000000088700000, 0x0000000088700000| Untracked 
| 136|0x0000000088800000, 0x0000000088800000, 0x0000000088900000|  0%| F|  |TAMS 0x0000000088800000, 0x0000000088800000| Untracked 
| 137|0x0000000088900000, 0x0000000088900000, 0x0000000088a00000|  0%| F|  |TAMS 0x0000000088900000, 0x0000000088900000| Untracked 
| 138|0x0000000088a00000, 0x0000000088a00000, 0x0000000088b00000|  0%| F|  |TAMS 0x0000000088a00000, 0x0000000088a00000| Untracked 
| 139|0x0000000088b00000, 0x0000000088b00000, 0x0000000088c00000|  0%| F|  |TAMS 0x0000000088b00000, 0x0000000088b00000| Untracked 
| 140|0x0000000088c00000, 0x0000000088c00000, 0x0000000088d00000|  0%| F|  |TAMS 0x0000000088c00000, 0x0000000088c00000| Untracked 
| 141|0x0000000088d00000, 0x0000000088d00000, 0x0000000088e00000|  0%| F|  |TAMS 0x0000000088d00000, 0x0000000088d00000| Untracked 
| 142|0x0000000088e00000, 0x0000000088e00000, 0x0000000088f00000|  0%| F|  |TAMS 0x0000000088e00000, 0x0000000088e00000| Untracked 
| 143|0x0000000088f00000, 0x0000000088f00000, 0x0000000089000000|  0%| F|  |TAMS 0x0000000088f00000, 0x0000000088f00000| Untracked 
| 144|0x0000000089000000, 0x0000000089000000, 0x0000000089100000|  0%| F|  |TAMS 0x0000000089000000, 0x0000000089000000| Untracked 
| 145|0x0000000089100000, 0x0000000089100000, 0x0000000089200000|  0%| F|  |TAMS 0x0000000089100000, 0x0000000089100000| Untracked 
| 146|0x0000000089200000, 0x0000000089200000, 0x0000000089300000|  0%| F|  |TAMS 0x0000000089200000, 0x0000000089200000| Untracked 
| 147|0x0000000089300000, 0x0000000089300000, 0x0000000089400000|  0%| F|  |TAMS 0x0000000089300000, 0x0000000089300000| Untracked 
| 148|0x0000000089400000, 0x0000000089400000, 0x0000000089500000|  0%| F|  |TAMS 0x0000000089400000, 0x0000000089400000| Untracked 
| 149|0x0000000089500000, 0x0000000089500000, 0x0000000089600000|  0%| F|  |TAMS 0x0000000089500000, 0x0000000089500000| Untracked 
| 150|0x0000000089600000, 0x0000000089600000, 0x0000000089700000|  0%| F|  |TAMS 0x0000000089600000, 0x0000000089600000| Untracked 
| 151|0x0000000089700000, 0x0000000089700000, 0x0000000089800000|  0%| F|  |TAMS 0x0000000089700000, 0x0000000089700000| Untracked 
| 152|0x0000000089800000, 0x00000000898bb010, 0x0000000089900000| 73%| S|CS|TAMS 0x0000000089800000, 0x0000000089800000| Complete 
| 153|0x0000000089900000, 0x0000000089a00000, 0x0000000089a00000|100%| S|CS|TAMS 0x0000000089900000, 0x0000000089900000| Complete 
| 154|0x0000000089a00000, 0x0000000089b00000, 0x0000000089b00000|100%| S|CS|TAMS 0x0000000089a00000, 0x0000000089a00000| Complete 
| 155|0x0000000089b00000, 0x0000000089b00000, 0x0000000089c00000|  0%| F|  |TAMS 0x0000000089b00000, 0x0000000089b00000| Untracked 
| 156|0x0000000089c00000, 0x0000000089c00000, 0x0000000089d00000|  0%| F|  |TAMS 0x0000000089c00000, 0x0000000089c00000| Untracked 
| 157|0x0000000089d00000, 0x0000000089d00000, 0x0000000089e00000|  0%| F|  |TAMS 0x0000000089d00000, 0x0000000089d00000| Untracked 
| 158|0x0000000089e00000, 0x0000000089e00000, 0x0000000089f00000|  0%| F|  |TAMS 0x0000000089e00000, 0x0000000089e00000| Untracked 
| 159|0x0000000089f00000, 0x0000000089f00000, 0x000000008a000000|  0%| F|  |TAMS 0x0000000089f00000, 0x0000000089f00000| Untracked 
| 160|0x000000008a000000, 0x000000008a000000, 0x000000008a100000|  0%| F|  |TAMS 0x000000008a000000, 0x000000008a000000| Untracked 
| 161|0x000000008a100000, 0x000000008a100000, 0x000000008a200000|  0%| F|  |TAMS 0x000000008a100000, 0x000000008a100000| Untracked 
| 162|0x000000008a200000, 0x000000008a200000, 0x000000008a300000|  0%| F|  |TAMS 0x000000008a200000, 0x000000008a200000| Untracked 
| 163|0x000000008a300000, 0x000000008a300000, 0x000000008a400000|  0%| F|  |TAMS 0x000000008a300000, 0x000000008a300000| Untracked 
| 164|0x000000008a400000, 0x000000008a400000, 0x000000008a500000|  0%| F|  |TAMS 0x000000008a400000, 0x000000008a400000| Untracked 
| 165|0x000000008a500000, 0x000000008a500000, 0x000000008a600000|  0%| F|  |TAMS 0x000000008a500000, 0x000000008a500000| Untracked 
| 166|0x000000008a600000, 0x000000008a600000, 0x000000008a700000|  0%| F|  |TAMS 0x000000008a600000, 0x000000008a600000| Untracked 
| 167|0x000000008a700000, 0x000000008a700000, 0x000000008a800000|  0%| F|  |TAMS 0x000000008a700000, 0x000000008a700000| Untracked 
| 168|0x000000008a800000, 0x000000008a800000, 0x000000008a900000|  0%| F|  |TAMS 0x000000008a800000, 0x000000008a800000| Untracked 
| 169|0x000000008a900000, 0x000000008a900000, 0x000000008aa00000|  0%| F|  |TAMS 0x000000008a900000, 0x000000008a900000| Untracked 
| 170|0x000000008aa00000, 0x000000008aa00000, 0x000000008ab00000|  0%| F|  |TAMS 0x000000008aa00000, 0x000000008aa00000| Untracked 
| 171|0x000000008ab00000, 0x000000008ab00000, 0x000000008ac00000|  0%| F|  |TAMS 0x000000008ab00000, 0x000000008ab00000| Untracked 
| 172|0x000000008ac00000, 0x000000008ac00000, 0x000000008ad00000|  0%| F|  |TAMS 0x000000008ac00000, 0x000000008ac00000| Untracked 
| 173|0x000000008ad00000, 0x000000008ad00000, 0x000000008ae00000|  0%| F|  |TAMS 0x000000008ad00000, 0x000000008ad00000| Untracked 
| 174|0x000000008ae00000, 0x000000008ae00000, 0x000000008af00000|  0%| F|  |TAMS 0x000000008ae00000, 0x000000008ae00000| Untracked 
| 175|0x000000008af00000, 0x000000008af00000, 0x000000008b000000|  0%| F|  |TAMS 0x000000008af00000, 0x000000008af00000| Untracked 
| 176|0x000000008b000000, 0x000000008b000000, 0x000000008b100000|  0%| F|  |TAMS 0x000000008b000000, 0x000000008b000000| Untracked 
| 177|0x000000008b100000, 0x000000008b100000, 0x000000008b200000|  0%| F|  |TAMS 0x000000008b100000, 0x000000008b100000| Untracked 
| 178|0x000000008b200000, 0x000000008b200000, 0x000000008b300000|  0%| F|  |TAMS 0x000000008b200000, 0x000000008b200000| Untracked 
| 179|0x000000008b300000, 0x000000008b300000, 0x000000008b400000|  0%| F|  |TAMS 0x000000008b300000, 0x000000008b300000| Untracked 
| 180|0x000000008b400000, 0x000000008b400000, 0x000000008b500000|  0%| F|  |TAMS 0x000000008b400000, 0x000000008b400000| Untracked 
| 181|0x000000008b500000, 0x000000008b500000, 0x000000008b600000|  0%| F|  |TAMS 0x000000008b500000, 0x000000008b500000| Untracked 
| 182|0x000000008b600000, 0x000000008b600000, 0x000000008b700000|  0%| F|  |TAMS 0x000000008b600000, 0x000000008b600000| Untracked 
| 183|0x000000008b700000, 0x000000008b700000, 0x000000008b800000|  0%| F|  |TAMS 0x000000008b700000, 0x000000008b700000| Untracked 
| 184|0x000000008b800000, 0x000000008b800000, 0x000000008b900000|  0%| F|  |TAMS 0x000000008b800000, 0x000000008b800000| Untracked 
| 185|0x000000008b900000, 0x000000008b900000, 0x000000008ba00000|  0%| F|  |TAMS 0x000000008b900000, 0x000000008b900000| Untracked 
| 186|0x000000008ba00000, 0x000000008ba00000, 0x000000008bb00000|  0%| F|  |TAMS 0x000000008ba00000, 0x000000008ba00000| Untracked 
| 187|0x000000008bb00000, 0x000000008bb00000, 0x000000008bc00000|  0%| F|  |TAMS 0x000000008bb00000, 0x000000008bb00000| Untracked 
| 188|0x000000008bc00000, 0x000000008bc00000, 0x000000008bd00000|  0%| F|  |TAMS 0x000000008bc00000, 0x000000008bc00000| Untracked 
| 189|0x000000008bd00000, 0x000000008bd00000, 0x000000008be00000|  0%| F|  |TAMS 0x000000008bd00000, 0x000000008bd00000| Untracked 
| 190|0x000000008be00000, 0x000000008be00000, 0x000000008bf00000|  0%| F|  |TAMS 0x000000008be00000, 0x000000008be00000| Untracked 
| 191|0x000000008bf00000, 0x000000008bf00000, 0x000000008c000000|  0%| F|  |TAMS 0x000000008bf00000, 0x000000008bf00000| Untracked 
| 192|0x000000008c000000, 0x000000008c000000, 0x000000008c100000|  0%| F|  |TAMS 0x000000008c000000, 0x000000008c000000| Untracked 
| 193|0x000000008c100000, 0x000000008c100000, 0x000000008c200000|  0%| F|  |TAMS 0x000000008c100000, 0x000000008c100000| Untracked 
| 194|0x000000008c200000, 0x000000008c200000, 0x000000008c300000|  0%| F|  |TAMS 0x000000008c200000, 0x000000008c200000| Untracked 
| 195|0x000000008c300000, 0x000000008c300000, 0x000000008c400000|  0%| F|  |TAMS 0x000000008c300000, 0x000000008c300000| Untracked 
| 196|0x000000008c400000, 0x000000008c400000, 0x000000008c500000|  0%| F|  |TAMS 0x000000008c400000, 0x000000008c400000| Untracked 
| 197|0x000000008c500000, 0x000000008c500000, 0x000000008c600000|  0%| F|  |TAMS 0x000000008c500000, 0x000000008c500000| Untracked 
| 198|0x000000008c600000, 0x000000008c600000, 0x000000008c700000|  0%| F|  |TAMS 0x000000008c600000, 0x000000008c600000| Untracked 
| 199|0x000000008c700000, 0x000000008c700000, 0x000000008c800000|  0%| F|  |TAMS 0x000000008c700000, 0x000000008c700000| Untracked 
| 200|0x000000008c800000, 0x000000008c800000, 0x000000008c900000|  0%| F|  |TAMS 0x000000008c800000, 0x000000008c800000| Untracked 
| 201|0x000000008c900000, 0x000000008c900000, 0x000000008ca00000|  0%| F|  |TAMS 0x000000008c900000, 0x000000008c900000| Untracked 
| 202|0x000000008ca00000, 0x000000008ca00000, 0x000000008cb00000|  0%| F|  |TAMS 0x000000008ca00000, 0x000000008ca00000| Untracked 
| 203|0x000000008cb00000, 0x000000008cb00000, 0x000000008cc00000|  0%| F|  |TAMS 0x000000008cb00000, 0x000000008cb00000| Untracked 
| 204|0x000000008cc00000, 0x000000008cc00000, 0x000000008cd00000|  0%| F|  |TAMS 0x000000008cc00000, 0x000000008cc00000| Untracked 
| 205|0x000000008cd00000, 0x000000008cd00000, 0x000000008ce00000|  0%| F|  |TAMS 0x000000008cd00000, 0x000000008cd00000| Untracked 
| 206|0x000000008ce00000, 0x000000008ce00000, 0x000000008cf00000|  0%| F|  |TAMS 0x000000008ce00000, 0x000000008ce00000| Untracked 
| 207|0x000000008cf00000, 0x000000008cf00000, 0x000000008d000000|  0%| F|  |TAMS 0x000000008cf00000, 0x000000008cf00000| Untracked 
| 208|0x000000008d000000, 0x000000008d000000, 0x000000008d100000|  0%| F|  |TAMS 0x000000008d000000, 0x000000008d000000| Untracked 
| 209|0x000000008d100000, 0x000000008d100000, 0x000000008d200000|  0%| F|  |TAMS 0x000000008d100000, 0x000000008d100000| Untracked 
| 210|0x000000008d200000, 0x000000008d200000, 0x000000008d300000|  0%| F|  |TAMS 0x000000008d200000, 0x000000008d200000| Untracked 
| 211|0x000000008d300000, 0x000000008d300000, 0x000000008d400000|  0%| F|  |TAMS 0x000000008d300000, 0x000000008d300000| Untracked 
| 212|0x000000008d400000, 0x000000008d490310, 0x000000008d500000| 56%| E|  |TAMS 0x000000008d400000, 0x000000008d400000| Complete 
| 213|0x000000008d500000, 0x000000008d600000, 0x000000008d600000|100%| E|CS|TAMS 0x000000008d500000, 0x000000008d500000| Complete 
| 214|0x000000008d600000, 0x000000008d700000, 0x000000008d700000|100%| E|CS|TAMS 0x000000008d600000, 0x000000008d600000| Complete 
| 215|0x000000008d700000, 0x000000008d800000, 0x000000008d800000|100%| E|CS|TAMS 0x000000008d700000, 0x000000008d700000| Complete 
| 216|0x000000008d800000, 0x000000008d900000, 0x000000008d900000|100%| E|CS|TAMS 0x000000008d800000, 0x000000008d800000| Complete 
| 217|0x000000008d900000, 0x000000008da00000, 0x000000008da00000|100%| E|CS|TAMS 0x000000008d900000, 0x000000008d900000| Complete 
| 222|0x000000008de00000, 0x000000008df00000, 0x000000008df00000|100%| E|CS|TAMS 0x000000008de00000, 0x000000008de00000| Complete 
| 223|0x000000008df00000, 0x000000008e000000, 0x000000008e000000|100%| E|CS|TAMS 0x000000008df00000, 0x000000008df00000| Complete 

Card table byte_map: [0x000001ff2c560000,0x000001ff2c960000] _byte_map_base: 0x000001ff2c160000

Marking Bits (Prev, Next): (CMBitMap*) 0x000001ff19cd9e30, (CMBitMap*) 0x000001ff19cd9df0
 Prev Bits: [0x000001ff2ed60000, 0x000001ff30d60000)
 Next Bits: [0x000001ff2cd60000, 0x000001ff2ed60000)

Polling page: 0x000001ff19440000

Metaspace:

Usage:
  Non-class:     96.37 MB used.
      Class:     15.73 MB used.
       Both:    112.10 MB used.

Virtual space:
  Non-class space:      128.00 MB reserved,      96.81 MB ( 76%) committed,  2 nodes.
      Class space:        1.00 GB reserved,      16.19 MB (  2%) committed,  1 nodes.
             Both:        1.12 GB reserved,     113.00 MB ( 10%) committed. 

Chunk freelists:
   Non-Class:  14.79 MB
       Class:  15.85 MB
        Both:  30.64 MB

MaxMetaspaceSize: unlimited
CompressedClassSpaceSize: 1.00 GB
Initial GC threshold: 21.00 MB
Current GC threshold: 188.06 MB
CDS: off
MetaspaceReclaimPolicy: balanced
 - commit_granule_bytes: 65536.
 - commit_granule_words: 8192.
 - virtual_space_node_default_size: 8388608.
 - enlarge_chunks_in_place: 1.
 - new_chunks_are_fully_committed: 0.
 - uncommit_free_chunks: 1.
 - use_allocation_guard: 0.
 - handle_deallocations: 1.


Internal statistics:

num_allocs_failed_limit: 6.
num_arena_births: 1300.
num_arena_deaths: 0.
num_vsnodes_births: 3.
num_vsnodes_deaths: 0.
num_space_committed: 1808.
num_space_uncommitted: 0.
num_chunks_returned_to_freelist: 6.
num_chunks_taken_from_freelist: 5744.
num_chunk_merges: 6.
num_chunk_splits: 3830.
num_chunks_enlarged: 2556.
num_inconsistent_stats: 0.

CodeHeap 'non-profiled nmethods': size=120000Kb used=5764Kb max_used=5764Kb free=114235Kb
 bounds [0x000001ff24c30000, 0x000001ff251e0000, 0x000001ff2c160000]
CodeHeap 'profiled nmethods': size=120000Kb used=19223Kb max_used=19261Kb free=100776Kb
 bounds [0x000001ff1d160000, 0x000001ff1e430000, 0x000001ff24690000]
CodeHeap 'non-nmethods': size=5760Kb used=2420Kb max_used=2468Kb free=3339Kb
 bounds [0x000001ff24690000, 0x000001ff24910000, 0x000001ff24c30000]
 total_blobs=10771 nmethods=9806 adapters=876
 compilation: enabled
              stopped_count=0, restarted_count=0
 full_count=0

Compilation events (20 events):
Event: 258.941 Thread 0x000001ff333d6c50 nmethod 11348 0x000001ff1e0e3b90 code [0x000001ff1e0e3d20, 0x000001ff1e0e3e48]
Event: 258.942 Thread 0x000001ff333d6c50 11349       3       org.gradle.launcher.daemon.server.health.gc.GarbageCollectionEvent::<init> (21 bytes)
Event: 258.942 Thread 0x000001ff333d6c50 nmethod 11349 0x000001ff1e0e3710 code [0x000001ff1e0e38a0, 0x000001ff1e0e3a78]
Event: 258.942 Thread 0x000001ff333d6c50 11350   !   3       org.gradle.launcher.daemon.server.health.gc.DefaultSlidingWindow::slideAndInsert (50 bytes)
Event: 258.944 Thread 0x000001ff333d6c50 nmethod 11350 0x000001ff1e0e1610 code [0x000001ff1e0e1940, 0x000001ff1e0e2de8]
Event: 259.939 Thread 0x000001ff333d6c50 11351   !   3       org.gradle.launcher.daemon.server.health.gc.GarbageCollectionCheck::run (213 bytes)
Event: 259.943 Thread 0x000001ff333d6c50 nmethod 11351 0x000001ff1e0ddc90 code [0x000001ff1e0de100, 0x000001ff1e0e02d8]
Event: 259.943 Thread 0x000001ff333d6c50 11352       3       sun.management.MemoryPoolImpl::getUsage (5 bytes)
Event: 259.943 Thread 0x000001ff333d6c50 nmethod 11352 0x000001ff1e0dd910 code [0x000001ff1e0ddaa0, 0x000001ff1e0ddbe8]
Event: 259.943 Thread 0x000001ff333d6c50 11354   !   3       java.util.concurrent.LinkedBlockingDeque::peekLast (41 bytes)
Event: 259.944 Thread 0x000001ff333d6c50 nmethod 11354 0x000001ff1e0dca90 code [0x000001ff1e0dccc0, 0x000001ff1e0dd5f8]
Event: 265.406 Thread 0x000001ff333d6c50 11355   !   3       com.google.common.cache.LocalCache$Segment::clear (261 bytes)
Event: 265.413 Thread 0x000001ff333d6c50 nmethod 11355 0x000001ff1d2eb390 code [0x000001ff1d2eba40, 0x000001ff1d2ef618]
Event: 270.500 Thread 0x000001ff333d4330 11356       4       java.lang.Math::max (12 bytes)
Event: 270.501 Thread 0x000001ff333d4330 nmethod 11356 0x000001ff251d0f10 code [0x000001ff251d1080, 0x000001ff251d10f8]
Event: 275.170 Thread 0x000001ff333d6c50 11357       3       java.io.File::getParentFile (41 bytes)
Event: 275.171 Thread 0x000001ff333d6c50 nmethod 11357 0x000001ff1e0dc390 code [0x000001ff1e0dc560, 0x000001ff1e0dc958]
Event: 279.925 Thread 0x000001ff333d6c50 11358       3       org.gradle.internal.snapshot.ChildMap$Entry::withNode (22 bytes)
Event: 279.927 Thread 0x000001ff333d6c50 nmethod 11358 0x000001ff1d2ea510 code [0x000001ff1d2ea760, 0x000001ff1d2eb018]
Event: 280.976 Thread 0x000001ff333d4330 11359       4       org.gradle.internal.file.FileHierarchySet$Node::contains (101 bytes)

GC Heap History (20 events):
Event: 35.369 GC heap before
{Heap before GC invocations=35 (full 0):
 garbage-first heap   total 211968K, used 156342K [0x0000000080000000, 0x0000000100000000)
  region size 1024K, 62 young (63488K), 5 survivors (5120K)
 Metaspace       used 86193K, committed 86976K, reserved 1179648K
  class space    used 11682K, committed 12032K, reserved 1048576K
}
Event: 35.386 GC heap after
{Heap after GC invocations=36 (full 0):
 garbage-first heap   total 211968K, used 103180K [0x0000000080000000, 0x0000000100000000)
  region size 1024K, 8 young (8192K), 8 survivors (8192K)
 Metaspace       used 86193K, committed 86976K, reserved 1179648K
  class space    used 11682K, committed 12032K, reserved 1048576K
}
Event: 38.466 GC heap before
{Heap before GC invocations=37 (full 0):
 garbage-first heap   total 211968K, used 175884K [0x0000000080000000, 0x0000000100000000)
  region size 1024K, 78 young (79872K), 8 survivors (8192K)
 Metaspace       used 91083K, committed 91840K, reserved 1179648K
  class space    used 12561K, committed 12928K, reserved 1048576K
}
Event: 38.481 GC heap after
{Heap after GC invocations=38 (full 0):
 garbage-first heap   total 211968K, used 105382K [0x0000000080000000, 0x0000000100000000)
  region size 1024K, 6 young (6144K), 6 survivors (6144K)
 Metaspace       used 91083K, committed 91840K, reserved 1179648K
  class space    used 12561K, committed 12928K, reserved 1048576K
}
Event: 38.626 GC heap before
{Heap before GC invocations=38 (full 0):
 garbage-first heap   total 211968K, used 108454K [0x0000000080000000, 0x0000000100000000)
  region size 1024K, 10 young (10240K), 6 survivors (6144K)
 Metaspace       used 91362K, committed 92096K, reserved 1179648K
  class space    used 12601K, committed 12928K, reserved 1048576K
}
Event: 38.637 GC heap after
{Heap after GC invocations=39 (full 0):
 garbage-first heap   total 211968K, used 106167K [0x0000000080000000, 0x0000000100000000)
  region size 1024K, 1 young (1024K), 1 survivors (1024K)
 Metaspace       used 91362K, committed 92096K, reserved 1179648K
  class space    used 12601K, committed 12928K, reserved 1048576K
}
Event: 40.212 GC heap before
{Heap before GC invocations=39 (full 0):
 garbage-first heap   total 211968K, used 136887K [0x0000000080000000, 0x0000000100000000)
  region size 1024K, 32 young (32768K), 1 survivors (1024K)
 Metaspace       used 93877K, committed 94592K, reserved 1179648K
  class space    used 12940K, committed 13248K, reserved 1048576K
}
Event: 40.220 GC heap after
{Heap after GC invocations=40 (full 0):
 garbage-first heap   total 211968K, used 106835K [0x0000000080000000, 0x0000000100000000)
  region size 1024K, 2 young (2048K), 2 survivors (2048K)
 Metaspace       used 93877K, committed 94592K, reserved 1179648K
  class space    used 12940K, committed 13248K, reserved 1048576K
}
Event: 66.940 GC heap before
{Heap before GC invocations=41 (full 0):
 garbage-first heap   total 211968K, used 188755K [0x0000000080000000, 0x0000000100000000)
  region size 1024K, 72 young (73728K), 2 survivors (2048K)
 Metaspace       used 98507K, committed 99392K, reserved 1179648K
  class space    used 13631K, committed 14016K, reserved 1048576K
}
Event: 66.956 GC heap after
{Heap after GC invocations=42 (full 0):
 garbage-first heap   total 211968K, used 127040K [0x0000000080000000, 0x0000000100000000)
  region size 1024K, 9 young (9216K), 9 survivors (9216K)
 Metaspace       used 98507K, committed 99392K, reserved 1179648K
  class space    used 13631K, committed 14016K, reserved 1048576K
}
Event: 100.933 GC heap before
{Heap before GC invocations=42 (full 0):
 garbage-first heap   total 211968K, used 128064K [0x0000000080000000, 0x0000000100000000)
  region size 1024K, 10 young (10240K), 9 survivors (9216K)
 Metaspace       used 98513K, committed 99392K, reserved 1179648K
  class space    used 13631K, committed 14016K, reserved 1048576K
}
Event: 100.948 GC heap after
{Heap after GC invocations=43 (full 0):
 garbage-first heap   total 211968K, used 127087K [0x0000000080000000, 0x0000000100000000)
  region size 1024K, 1 young (1024K), 1 survivors (1024K)
 Metaspace       used 98513K, committed 99392K, reserved 1179648K
  class space    used 13631K, committed 14016K, reserved 1048576K
}
Event: 108.177 GC heap before
{Heap before GC invocations=43 (full 0):
 garbage-first heap   total 211968K, used 134255K [0x0000000080000000, 0x0000000100000000)
  region size 1024K, 9 young (9216K), 1 survivors (1024K)
 Metaspace       used 98956K, committed 99840K, reserved 1179648K
  class space    used 13704K, committed 14144K, reserved 1048576K
}
Event: 108.183 GC heap after
{Heap after GC invocations=44 (full 0):
 garbage-first heap   total 211968K, used 126808K [0x0000000080000000, 0x0000000100000000)
  region size 1024K, 1 young (1024K), 1 survivors (1024K)
 Metaspace       used 98956K, committed 99840K, reserved 1179648K
  class space    used 13704K, committed 14144K, reserved 1048576K
}
Event: 240.426 GC heap before
{Heap before GC invocations=45 (full 0):
 garbage-first heap   total 225280K, used 187224K [0x0000000080000000, 0x0000000100000000)
  region size 1024K, 53 young (54272K), 1 survivors (1024K)
 Metaspace       used 106004K, committed 106880K, reserved 1179648K
  class space    used 14975K, committed 15424K, reserved 1048576K
}
Event: 240.434 GC heap after
{Heap after GC invocations=46 (full 0):
 garbage-first heap   total 225280K, used 127792K [0x0000000080000000, 0x0000000100000000)
  region size 1024K, 2 young (2048K), 2 survivors (2048K)
 Metaspace       used 106004K, committed 106880K, reserved 1179648K
  class space    used 14975K, committed 15424K, reserved 1048576K
}
Event: 240.737 GC heap before
{Heap before GC invocations=46 (full 0):
 garbage-first heap   total 225280K, used 138032K [0x0000000080000000, 0x0000000100000000)
  region size 1024K, 11 young (11264K), 2 survivors (2048K)
 Metaspace       used 107754K, committed 108608K, reserved 1179648K
  class space    used 15115K, committed 15552K, reserved 1048576K
}
Event: 240.742 GC heap after
{Heap after GC invocations=47 (full 0):
 garbage-first heap   total 225280K, used 126805K [0x0000000080000000, 0x0000000100000000)
  region size 1024K, 1 young (1024K), 1 survivors (1024K)
 Metaspace       used 107754K, committed 108608K, reserved 1179648K
  class space    used 15115K, committed 15552K, reserved 1048576K
}
Event: 243.231 GC heap before
{Heap before GC invocations=47 (full 0):
 garbage-first heap   total 225280K, used 192341K [0x0000000080000000, 0x0000000100000000)
  region size 1024K, 65 young (66560K), 1 survivors (1024K)
 Metaspace       used 114368K, committed 115200K, reserved 1179648K
  class space    used 16043K, committed 16448K, reserved 1048576K
}
Event: 243.244 GC heap after
{Heap after GC invocations=48 (full 0):
 garbage-first heap   total 225280K, used 129192K [0x0000000080000000, 0x0000000100000000)
  region size 1024K, 3 young (3072K), 3 survivors (3072K)
 Metaspace       used 114368K, committed 115200K, reserved 1179648K
  class space    used 16043K, committed 16448K, reserved 1048576K
}

Dll operation events (3 events):
Event: 0.018 Loaded shared library F:\Android\jbr\bin\java.dll
Event: 0.319 Loaded shared library F:\Android\jbr\bin\zip.dll
Event: 0.970 Loaded shared library F:\Android\jbr\bin\verify.dll

Deoptimization events (20 events):
Event: 242.215 Thread 0x000001ff3a4eaaf0 DEOPT PACKING pc=0x000001ff2508bae0 sp=0x0000007d759f8870
Event: 242.215 Thread 0x000001ff3a4eaaf0 DEOPT UNPACKING pc=0x000001ff246e69a3 sp=0x0000007d759f86d0 mode 2
Event: 242.464 Thread 0x000001ff3a4eaaf0 Uncommon trap: trap_request=0xffffff45 fr.pc=0x000001ff24fc8508 relative=0x00000000000005a8
Event: 242.464 Thread 0x000001ff3a4eaaf0 Uncommon trap: reason=unstable_if action=reinterpret pc=0x000001ff24fc8508 method=java.util.regex.Matcher.find()Z @ 10 c2
Event: 242.464 Thread 0x000001ff3a4eaaf0 DEOPT PACKING pc=0x000001ff24fc8508 sp=0x0000007d759f9000
Event: 242.464 Thread 0x000001ff3a4eaaf0 DEOPT UNPACKING pc=0x000001ff246e69a3 sp=0x0000007d759f8fc0 mode 2
Event: 242.480 Thread 0x000001ff3a4eaaf0 Uncommon trap: trap_request=0xffffff45 fr.pc=0x000001ff24d3095c relative=0x000000000000029c
Event: 242.480 Thread 0x000001ff3a4eaaf0 Uncommon trap: reason=unstable_if action=reinterpret pc=0x000001ff24d3095c method=java.lang.CharacterDataLatin1.digit(II)I @ 12 c2
Event: 242.480 Thread 0x000001ff3a4eaaf0 DEOPT PACKING pc=0x000001ff24d3095c sp=0x0000007d759f9460
Event: 242.481 Thread 0x000001ff3a4eaaf0 DEOPT UNPACKING pc=0x000001ff246e69a3 sp=0x0000007d759f9280 mode 2
Event: 242.498 Thread 0x000001ff3a4eaaf0 Uncommon trap: trap_request=0xffffff45 fr.pc=0x000001ff250af9a0 relative=0x0000000000000240
Event: 242.498 Thread 0x000001ff3a4eaaf0 Uncommon trap: reason=unstable_if action=reinterpret pc=0x000001ff250af9a0 method=com.google.gson.stream.JsonReader.doPeek()I @ 315 c2
Event: 242.498 Thread 0x000001ff3a4eaaf0 DEOPT PACKING pc=0x000001ff250af9a0 sp=0x0000007d759f9b30
Event: 242.498 Thread 0x000001ff3a4eaaf0 DEOPT UNPACKING pc=0x000001ff246e69a3 sp=0x0000007d759f9aa8 mode 2
Event: 243.246 Thread 0x000001ff3324ebe0 Uncommon trap: trap_request=0xffffff45 fr.pc=0x000001ff25048294 relative=0x0000000000000654
Event: 243.246 Thread 0x000001ff3324ebe0 Uncommon trap: reason=unstable_if action=reinterpret pc=0x000001ff25048294 method=java.lang.ThreadLocal.remove()V @ 9 c2
Event: 243.246 Thread 0x000001ff3324ebe0 DEOPT PACKING pc=0x000001ff25048294 sp=0x0000007d745ff2d0
Event: 243.246 Thread 0x000001ff3324ebe0 DEOPT UNPACKING pc=0x000001ff246e69a3 sp=0x0000007d745ff298 mode 2
Event: 243.426 Thread 0x000001ff3a4eaaf0 DEOPT PACKING pc=0x000001ff1e411293 sp=0x0000007d759f8830
Event: 243.426 Thread 0x000001ff3a4eaaf0 DEOPT UNPACKING pc=0x000001ff246e7143 sp=0x0000007d759f7df8 mode 0

Classes unloaded (0 events):
No events

Classes redefined (0 events):
No events

Internal exceptions (20 events):
Event: 103.942 Thread 0x000001ff3a6a9ec0 Exception <a 'java/lang/NoSuchMethodError'{0x000000008cce9820}: static Lorg/gradle/api/GradleException;.<clinit>()V> (0x000000008cce9820) 
thrown [s\src\hotspot\share\prims\jni.cpp, line 1108]
Event: 103.942 Thread 0x000001ff3a6a9ec0 Exception <a 'java/lang/NoSuchMethodError'{0x000000008cceb570}: static [Ljava/lang/StackTraceElement;.<clinit>()V> (0x000000008cceb570) 
thrown [s\src\hotspot\share\prims\jni.cpp, line 1108]
Event: 103.967 Thread 0x000001ff3a6a9ec0 Exception <a 'java/lang/NoSuchMethodError'{0x000000008cbb17d8}: static Lorg/gradle/cache/LockTimeoutException;.<clinit>()V> (0x000000008cbb17d8) 
thrown [s\src\hotspot\share\prims\jni.cpp, line 1108]
Event: 107.781 Thread 0x000001ff3a4eaaf0 Exception <a 'java/lang/NoSuchMethodError'{0x000000008c733d38}: 'void java.lang.invoke.DirectMethodHandle$Holder.invokeVirtual(java.lang.Object, java.lang.Object)'> (0x000000008c733d38) 
thrown [s\src\hotspot\share\interpreter\linkResolver.cpp, line 771]
Event: 109.543 Thread 0x000001ff3a4eaaf0 Exception <a 'java/lang/NoSuchMethodError'{0x000000008d06cc78}: 'java.lang.Object java.lang.invoke.DirectMethodHandle$Holder.invokeStaticInit(java.lang.Object, int)'> (0x000000008d06cc78) 
thrown [s\src\hotspot\share\interpreter\linkResolver.cpp, line 771]
Event: 240.458 Thread 0x000001ff397f57f0 Exception <a 'java/lang/NoSuchMethodError'{0x000000008deec930}: static Lorg/jetbrains/plugins/gradle/tooling/serialization/internal/adapter/kotlin/dsl/InternalKotlinDslScriptsModel;.<clinit>()V> (0x000000008deec930) 
thrown [s\src\hotspot\share\prims\jni.cpp, line 1108]
Event: 240.461 Thread 0x000001ff397f57f0 Exception <a 'java/lang/NoSuchMethodError'{0x000000008def7590}: static Lorg/jetbrains/plugins/gradle/tooling/serialization/internal/adapter/kotlin/dsl/InternalKotlinDslScriptModel;.<clinit>()V> (0x000000008def7590) 
thrown [s\src\hotspot\share\prims\jni.cpp, line 1108]
Event: 241.260 Thread 0x000001ff3a4eaaf0 Exception <a 'sun/nio/fs/WindowsException'{0x000000008d0e74d8}> (0x000000008d0e74d8) 
thrown [s\src\hotspot\share\prims\jni.cpp, line 517]
Event: 241.365 Thread 0x000001ff3a4eaaf0 Exception <a 'sun/nio/fs/WindowsException'{0x000000008cd68850}> (0x000000008cd68850) 
thrown [s\src\hotspot\share\prims\jni.cpp, line 517]
Event: 241.365 Thread 0x000001ff3a4eaaf0 Exception <a 'sun/nio/fs/WindowsException'{0x000000008cd69bf8}> (0x000000008cd69bf8) 
thrown [s\src\hotspot\share\prims\jni.cpp, line 517]
Event: 241.365 Thread 0x000001ff3a4eaaf0 Exception <a 'sun/nio/fs/WindowsException'{0x000000008cd6aff0}> (0x000000008cd6aff0) 
thrown [s\src\hotspot\share\prims\jni.cpp, line 517]
Event: 241.365 Thread 0x000001ff3a4eaaf0 Exception <a 'sun/nio/fs/WindowsException'{0x000000008cd6c3e8}> (0x000000008cd6c3e8) 
thrown [s\src\hotspot\share\prims\jni.cpp, line 517]
Event: 241.692 Thread 0x000001ff3a4eaaf0 Exception <a 'java/lang/NullPointerException'{0x000000008c114618}> (0x000000008c114618) 
thrown [s\src\hotspot\share\interpreter\linkResolver.cpp, line 1447]
Event: 241.911 Thread 0x000001ff3a4eaaf0 Implicit null exception at 0x000001ff24e7a675 to 0x000001ff24e7ac30
Event: 242.517 Thread 0x000001ff3a4eaaf0 Exception <a 'java/lang/NoSuchMethodError'{0x000000008aa4a4c0}: 'java.lang.Object java.lang.invoke.DirectMethodHandle$Holder.invokeSpecial(java.lang.Object, java.lang.Object, long, java.lang.Object, java.lang.Object, java.lang.Object, java.lang.Object, java.lang.Object, java.lang.Object, java.lang.Object, java.lang.Object)'> (0x000000008aa4a4c0) 
thrown [s\src\hotspot\share\interpreter\linkResolver.cpp, line 771]
Event: 242.518 Thread 0x000001ff3a4eaaf0 Exception <a 'java/lang/NoSuchMethodError'{0x000000008aa4f570}: 'java.lang.Object java.lang.invoke.DelegatingMethodHandle$Holder.reinvoke_L(java.lang.Object, long, java.lang.Object, java.lang.Object, java.lang.Object, java.lang.Object, java.lang.Object, java.lang.Object, java.lang.Object, java.lang.Object)'> (0x000000008aa4f570) 
thrown [s\src\hotspot\share\interpreter\linkResolver.cpp, line 771]
Event: 242.520 Thread 0x000001ff3a4eaaf0 Exception <a 'java/lang/NoSuchMethodError'{0x000000008aa71ea8}: 'java.lang.Object java.lang.invoke.Invokers$Holder.linkToTargetMethod(java.lang.Object, java.lang.Object, java.lang.Object, java.lang.Object, java.lang.Object, java.lang.Object, java.lang.Object, java.lang.Object, java.lang.Object)'> (0x000000008aa71ea8) 
thrown [s\src\hotspot\share\interpreter\linkResolver.cpp, line 771]
Event: 243.246 Thread 0x000001ff3324ebe0 Implicit null exception at 0x000001ff25047c7d to 0x000001ff25048284
Event: 243.652 Thread 0x000001ff3a4eaaf0 Exception <a 'java/lang/NoSuchMethodError'{0x000000008d694b80}: 'java.lang.Object java.lang.invoke.DirectMethodHandle$Holder.newInvokeSpecial(java.lang.Object, java.lang.Object, java.lang.Object, java.lang.Object, int, java.lang.Object)'> (0x000000008d694b80) 
thrown [s\src\hotspot\share\interpreter\linkResolver.cpp, line 771]
Event: 243.653 Thread 0x000001ff3a4eaaf0 Exception <a 'java/lang/NoSuchMethodError'{0x000000008d699be8}: 'java.lang.Object java.lang.invoke.Invokers$Holder.linkToTargetMethod(java.lang.Object, java.lang.Object, java.lang.Object, int, java.lang.Object, java.lang.Object)'> (0x000000008d699be8) 
thrown [s\src\hotspot\share\interpreter\linkResolver.cpp, line 771]

VM Operations (20 events):
Event: 241.743 Executing VM operation: Cleanup
Event: 241.744 Executing VM operation: Cleanup done
Event: 242.400 Executing VM operation: HandshakeAllThreads
Event: 242.401 Executing VM operation: HandshakeAllThreads done
Event: 242.496 Executing VM operation: HandshakeAllThreads
Event: 242.497 Executing VM operation: HandshakeAllThreads done
Event: 243.231 Executing VM operation: G1CollectForAllocation
Event: 243.246 Executing VM operation: G1CollectForAllocation done
Event: 243.499 Executing VM operation: G1PauseRemark
Event: 243.507 Executing VM operation: G1PauseRemark done
Event: 243.625 Executing VM operation: G1PauseCleanup
Event: 243.626 Executing VM operation: G1PauseCleanup done
Event: 244.635 Executing VM operation: Cleanup
Event: 244.635 Executing VM operation: Cleanup done
Event: 245.651 Executing VM operation: Cleanup
Event: 245.651 Executing VM operation: Cleanup done
Event: 248.688 Executing VM operation: Cleanup
Event: 248.688 Executing VM operation: Cleanup done
Event: 252.716 Executing VM operation: Cleanup
Event: 252.716 Executing VM operation: Cleanup done

Events (20 events):
Event: 243.062 loading class java/util/concurrent/ConcurrentSkipListMap$KeySet
Event: 243.062 loading class java/util/concurrent/ConcurrentSkipListMap$KeySet done
Event: 243.062 loading class java/util/concurrent/ConcurrentSkipListMap$KeyIterator
Event: 243.062 loading class java/util/concurrent/ConcurrentSkipListMap$KeyIterator done
Event: 243.063 loading class java/net/InetAddress$NameServiceAddresses
Event: 243.063 loading class java/net/InetAddress$Addresses
Event: 243.066 loading class java/net/InetAddress$Addresses done
Event: 243.066 loading class java/net/InetAddress$NameServiceAddresses done
Event: 243.071 loading class sun/net/InetAddressCachePolicy
Event: 243.072 loading class sun/net/InetAddressCachePolicy done
Event: 243.072 loading class sun/net/InetAddressCachePolicy$1
Event: 243.072 loading class sun/net/InetAddressCachePolicy$1 done
Event: 243.073 loading class sun/net/InetAddressCachePolicy$2
Event: 243.073 loading class sun/net/InetAddressCachePolicy$2 done
Event: 243.073 loading class java/net/InetAddress$CachedAddresses
Event: 243.073 loading class java/net/InetAddress$CachedAddresses done
Event: 243.073 loading class java/net/InetAddress$CachedLocalHost
Event: 243.073 loading class java/net/InetAddress$CachedLocalHost done
Event: 243.714 Thread 0x000001ff397ee890 Thread added: 0x000001ff397ee890
Event: 245.168 Thread 0x000001ff3c0b5c90 Thread exited: 0x000001ff3c0b5c90


Dynamic libraries:
0x00007ff683be0000 - 0x00007ff683bea000 	F:\Android\jbr\bin\java.exe
0x00007fffea070000 - 0x00007fffea268000 	C:\Windows\SYSTEM32\ntdll.dll
0x00007fffe9470000 - 0x00007fffe9532000 	C:\Windows\System32\KERNEL32.DLL
0x00007fffe7cf0000 - 0x00007fffe7fe6000 	C:\Windows\System32\KERNELBASE.dll
0x00007fffe7710000 - 0x00007fffe7810000 	C:\Windows\System32\ucrtbase.dll
0x00007fff68ce0000 - 0x00007fff68cf7000 	F:\Android\jbr\bin\jli.dll
0x00007fffe3aa0000 - 0x00007fffe3abb000 	F:\Android\jbr\bin\VCRUNTIME140.dll
0x00007fffe8850000 - 0x00007fffe89ed000 	C:\Windows\System32\USER32.dll
0x00007fffe7810000 - 0x00007fffe7832000 	C:\Windows\System32\win32u.dll
0x00007fffe9290000 - 0x00007fffe92bb000 	C:\Windows\System32\GDI32.dll
0x00007fffe79d0000 - 0x00007fffe7aea000 	C:\Windows\System32\gdi32full.dll
0x00007fffe7af0000 - 0x00007fffe7b8d000 	C:\Windows\System32\msvcp_win.dll
0x00007fffdcef0000 - 0x00007fffdd18a000 	C:\Windows\WinSxS\amd64_microsoft.windows.common-controls_6595b64144ccf1df_6.0.19041.5794_none_60bcd33171f2783c\COMCTL32.dll
0x00007fffe89f0000 - 0x00007fffe8a8e000 	C:\Windows\System32\msvcrt.dll
0x00007fffe9200000 - 0x00007fffe922f000 	C:\Windows\System32\IMM32.DLL
0x00007fffe3c60000 - 0x00007fffe3c6c000 	F:\Android\jbr\bin\vcruntime140_1.dll
0x00007fffc3130000 - 0x00007fffc31bd000 	F:\Android\jbr\bin\msvcp140.dll
0x00007fff69580000 - 0x00007fff6a203000 	F:\Android\jbr\bin\server\jvm.dll
0x00007fffe93c0000 - 0x00007fffe946f000 	C:\Windows\System32\ADVAPI32.dll
0x00007fffe9320000 - 0x00007fffe93bf000 	C:\Windows\System32\sechost.dll
0x00007fffe8720000 - 0x00007fffe8843000 	C:\Windows\System32\RPCRT4.dll
0x00007fffe7840000 - 0x00007fffe7867000 	C:\Windows\System32\bcrypt.dll
0x00007fffde740000 - 0x00007fffde767000 	C:\Windows\SYSTEM32\WINMM.dll
0x00007fffa25f0000 - 0x00007fffa25f9000 	C:\Windows\SYSTEM32\WSOCK32.dll
0x00007fffe95c0000 - 0x00007fffe962b000 	C:\Windows\System32\WS2_32.dll
0x00007fffdd350000 - 0x00007fffdd35a000 	C:\Windows\SYSTEM32\VERSION.dll
0x00007fffe7570000 - 0x00007fffe75bb000 	C:\Windows\SYSTEM32\POWRPROF.dll
0x00007fffe7550000 - 0x00007fffe7562000 	C:\Windows\SYSTEM32\UMPDC.dll
0x00007fffe5770000 - 0x00007fffe5782000 	C:\Windows\SYSTEM32\kernel.appcore.dll
0x00007fffe4680000 - 0x00007fffe468a000 	F:\Android\jbr\bin\jimage.dll
0x00007fffdfc40000 - 0x00007fffdfe41000 	C:\Windows\SYSTEM32\DBGHELP.DLL
0x00007fffdf0a0000 - 0x00007fffdf0d4000 	C:\Windows\SYSTEM32\dbgcore.DLL
0x00007fffe78c0000 - 0x00007fffe7942000 	C:\Windows\System32\bcryptPrimitives.dll
0x00007fffe4ca0000 - 0x00007fffe4cae000 	F:\Android\jbr\bin\instrument.dll
0x00007fff90db0000 - 0x00007fff90dd5000 	F:\Android\jbr\bin\java.dll
0x00007fff8d360000 - 0x00007fff8d378000 	F:\Android\jbr\bin\zip.dll
0x00007fffe8a90000 - 0x00007fffe91fe000 	C:\Windows\System32\SHELL32.dll
0x00007fffe5790000 - 0x00007fffe5f33000 	C:\Windows\SYSTEM32\windows.storage.dll
0x00007fffe97e0000 - 0x00007fffe9b33000 	C:\Windows\System32\combase.dll
0x00007fffe7070000 - 0x00007fffe709b000 	C:\Windows\SYSTEM32\Wldp.dll
0x00007fffe9630000 - 0x00007fffe96fd000 	C:\Windows\System32\OLEAUT32.dll
0x00007fffe80a0000 - 0x00007fffe814d000 	C:\Windows\System32\SHCORE.dll
0x00007fffe92c0000 - 0x00007fffe9315000 	C:\Windows\System32\shlwapi.dll
0x00007fffe7640000 - 0x00007fffe7665000 	C:\Windows\SYSTEM32\profapi.dll
0x00007fff6a660000 - 0x00007fff6a679000 	F:\Android\jbr\bin\net.dll
0x00007fffe0330000 - 0x00007fffe043a000 	C:\Windows\SYSTEM32\WINHTTP.dll
0x00007fffe6dd0000 - 0x00007fffe6e3c000 	C:\Windows\system32\mswsock.dll
0x00007fff6a5b0000 - 0x00007fff6a5c6000 	F:\Android\jbr\bin\nio.dll
0x00007fffb9ad0000 - 0x00007fffb9ae0000 	F:\Android\jbr\bin\verify.dll
0x00007fffd9d50000 - 0x00007fffd9d77000 	E:\BluetoothConnectivity-master\.gradle\native\c067742578af261105cb4f569cf0c3c89f3d7b1fecec35dd04571415982c5e48\windows-amd64\native-platform.dll
0x00007fffc3270000 - 0x00007fffc33b4000 	E:\BluetoothConnectivity-master\.gradle\native\38dada09dfb8b06ba9b0570ebf7e218e3eb74d4ef43ca46872605cf95ebc2f47\windows-amd64\native-platform-file-events.dll
0x00007fffe4670000 - 0x00007fffe4679000 	F:\Android\jbr\bin\management.dll
0x00007fffe4650000 - 0x00007fffe465b000 	F:\Android\jbr\bin\management_ext.dll
0x00007fffe82a0000 - 0x00007fffe82a8000 	C:\Windows\System32\PSAPI.DLL
0x00007fffe6fd0000 - 0x00007fffe6fe8000 	C:\Windows\SYSTEM32\CRYPTSP.dll
0x00007fffe66f0000 - 0x00007fffe6728000 	C:\Windows\system32\rsaenh.dll
0x00007fffe7600000 - 0x00007fffe762e000 	C:\Windows\SYSTEM32\USERENV.dll
0x00007fffe6fc0000 - 0x00007fffe6fcc000 	C:\Windows\SYSTEM32\CRYPTBASE.dll
0x00007fffe6ab0000 - 0x00007fffe6aeb000 	C:\Windows\SYSTEM32\IPHLPAPI.DLL
0x00007fffe95b0000 - 0x00007fffe95b8000 	C:\Windows\System32\NSI.dll
0x00007fffe1ce0000 - 0x00007fffe1cf7000 	C:\Windows\SYSTEM32\dhcpcsvc6.DLL
0x00007fffe1b70000 - 0x00007fffe1b8d000 	C:\Windows\SYSTEM32\dhcpcsvc.DLL
0x00007fffe6af0000 - 0x00007fffe6bba000 	C:\Windows\SYSTEM32\DNSAPI.dll
0x00007fffbb1a0000 - 0x00007fffbb1a7000 	C:\Windows\system32\wshunix.dll
0x00007fffb9cf0000 - 0x00007fffb9d07000 	C:\Windows\system32\napinsp.dll
0x00007fffb9d10000 - 0x00007fffb9d2b000 	C:\Windows\system32\pnrpnsp.dll
0x00007fffc9930000 - 0x00007fffc994d000 	C:\Windows\system32\wshbth.dll
0x00007fffe3540000 - 0x00007fffe355d000 	C:\Windows\system32\NLAapi.dll
0x00007fffbc0e0000 - 0x00007fffbc0f2000 	C:\Windows\System32\winrnr.dll
0x00007fffde630000 - 0x00007fffde63a000 	C:\Windows\System32\rasadhlp.dll
0x00007fffdd560000 - 0x00007fffdd5e0000 	C:\Windows\System32\fwpuclnt.dll

dbghelp: loaded successfully - version: 4.0.5 - missing functions: none
symbol engine: initialized successfully - sym options: 0x614 - pdb path: .;F:\Android\jbr\bin;C:\Windows\SYSTEM32;C:\Windows\WinSxS\amd64_microsoft.windows.common-controls_6595b64144ccf1df_6.0.19041.5794_none_60bcd33171f2783c;F:\Android\jbr\bin\server;E:\BluetoothConnectivity-master\.gradle\native\c067742578af261105cb4f569cf0c3c89f3d7b1fecec35dd04571415982c5e48\windows-amd64;E:\BluetoothConnectivity-master\.gradle\native\38dada09dfb8b06ba9b0570ebf7e218e3eb74d4ef43ca46872605cf95ebc2f47\windows-amd64

VM Arguments:
jvm_args: --add-opens=java.base/java.util=ALL-UNNAMED --add-opens=java.base/java.lang=ALL-UNNAMED --add-opens=java.base/java.lang.invoke=ALL-UNNAMED --add-opens=java.prefs/java.util.prefs=ALL-UNNAMED --add-opens=java.base/java.nio.charset=ALL-UNNAMED --add-opens=java.base/java.net=ALL-UNNAMED --add-opens=java.base/java.util.concurrent.atomic=ALL-UNNAMED -Xmx2048m -Dfile.encoding=UTF-8 -Duser.country=IN -Duser.language=en -Duser.variant -javaagent:E:\BluetoothConnectivity-master\.gradle\wrapper\dists\gradle-8.5-bin\5t9huq95ubn472n8rpzujfbqh\gradle-8.5\lib\agents\gradle-instrumentation-agent-8.5.jar 
java_command: org.gradle.launcher.daemon.bootstrap.GradleDaemon 8.5
java_class_path (initial): E:\BluetoothConnectivity-master\.gradle\wrapper\dists\gradle-8.5-bin\5t9huq95ubn472n8rpzujfbqh\gradle-8.5\lib\gradle-launcher-8.5.jar
Launcher Type: SUN_STANDARD

[Global flags]
     intx CICompilerCount                          = 3                                         {product} {ergonomic}
     uint ConcGCThreads                            = 1                                         {product} {ergonomic}
     uint G1ConcRefinementThreads                  = 4                                         {product} {ergonomic}
   size_t G1HeapRegionSize                         = 1048576                                   {product} {ergonomic}
    uintx GCDrainStackTargetSize                   = 64                                        {product} {ergonomic}
   size_t InitialHeapSize                          = 134217728                                 {product} {ergonomic}
   size_t MarkStackSize                            = 4194304                                   {product} {ergonomic}
   size_t MaxHeapSize                              = 2147483648                                {product} {command line}
   size_t MaxNewSize                               = 1287651328                                {product} {ergonomic}
   size_t MinHeapDeltaBytes                        = 1048576                                   {product} {ergonomic}
   size_t MinHeapSize                              = 8388608                                   {product} {ergonomic}
    uintx NonNMethodCodeHeapSize                   = 5832780                                {pd product} {ergonomic}
    uintx NonProfiledCodeHeapSize                  = 122912730                              {pd product} {ergonomic}
    uintx ProfiledCodeHeapSize                     = 122912730                              {pd product} {ergonomic}
    uintx ReservedCodeCacheSize                    = 251658240                              {pd product} {ergonomic}
     bool SegmentedCodeCache                       = true                                      {product} {ergonomic}
   size_t SoftMaxHeapSize                          = 2147483648                             {manageable} {ergonomic}
     bool UseCompressedClassPointers               = true                           {product lp64_product} {ergonomic}
     bool UseCompressedOops                        = true                           {product lp64_product} {ergonomic}
     bool UseG1GC                                  = true                                      {product} {ergonomic}
     bool UseLargePagesIndividualAllocation        = false                                  {pd product} {ergonomic}

Logging:
Log output configuration:
 #0: stdout all=warning uptime,level,tags
 #1: stderr all=off uptime,level,tags

Environment Variables:
PATH=C:\Program Files (x86)\Common Files\Oracle\Java\java8path;C:\Program Files (x86)\Common Files\Oracle\Java\javapath;C:\Python312\Scripts\;C:\Python312\;C:\Python311\Scripts\;C:\Python311\;C:\Windows\system32;C:\Windows;C:\Windows\System32\Wbem;C:\Windows\System32\WindowsPowerShell\v1.0\;C:\Windows\System32\OpenSSH\;C:\Program Files\Amazon\AWSCLIV2\;C:\ProgramData\chocolatey\bin;C:\ProgramData\chocolatey\bin;C:\Program Files\Git\cmd;C:\Program Files\PuTTY\;C:\Users\bhumish\AppData\Roaming\npm;F:\;C:\ProgramData\Microsoft\Windows\Start Menu\Programs\Node.js;C:\Users\bhumish\AppData\Local\Microsoft\WindowsApps;C:\Users\bhumish\AppData\Roaming\npm;E:\Microsoft VS Code\bin;C:\Users\bhumish\AppData\Local\GitHubDesktop\bin
USERNAME=bhumish
OS=Windows_NT
PROCESSOR_IDENTIFIER=Intel64 Family 6 Model 69 Stepping 1, GenuineIntel
TMP=C:\Users\bhumish\AppData\Local\Temp
TEMP=C:\Users\bhumish\AppData\Local\Temp



Periodic native trim disabled

JNI global refs:
JNI global refs: 26, weak refs: 0

JNI global refs memory usage: 843, weak refs: 209

OOME stack traces (most recent first):
Classloader memory used:
Loader org.gradle.internal.classloader.VisitableURLClassLoader                         : 5896K
Loader org.gradle.internal.classloader.VisitableURLClassLoader$InstrumentingVisitableURLClassLoader: 3266K
Loader bootstrap                                                                       : 3101K
Loader org.gradle.initialization.MixInLegacyTypesClassLoader                           : 1436K
Loader org.gradle.internal.classloader.VisitableURLClassLoader                         : 435K
Loader jdk.internal.reflect.DelegatingClassLoader                                      : 100K
Loader jdk.internal.loader.ClassLoaders$PlatformClassLoader                            : 67609B
Loader jdk.internal.loader.ClassLoaders$AppClassLoader                                 : 28455B
Loader org.gradle.groovy.scripts.internal.DefaultScriptCompilationHandler$ScriptClassLoader: 10761B
Loader org.codehaus.groovy.runtime.callsite.CallSiteClassLoader                        : 7175B
Loader sun.reflect.misc.MethodUtil                                                     : 373B


[error occurred during error reporting (Classloader stats), id 0xe0000001, Out of Memory Error (s\src\hotspot\share\memory\arena.cpp:79)]


---------------  S Y S T E M  ---------------

OS:
 Windows 10 , 64 bit Build 19041 (10.0.19041.5794)
OS uptime: 14 days 1:41 hours

CPU: total 4 (initial active 4) (2 cores per cpu, 2 threads per core) family 6 model 69 stepping 1 microcode 0x25, cx8, cmov, fxsr, ht, mmx, sse, sse2, sse3, ssse3, sse4.1, sse4.2, popcnt, lzcnt, tsc, tscinvbit, avx, avx2, aes, erms, clmul, bmi1, bmi2, fma, vzeroupper, clflush
Processor Information for all 4 processors :
  Max Mhz: 2301, Current Mhz: 2301, Mhz Limit: 2301

Memory: 4k page, system-wide physical 8113M (605M free)
TotalPageFile size 17863M (AvailPageFile size 0M)
current process WorkingSet (physical memory assigned to process): 307M, peak: 436M
current process commit charge ("private bytes"): 505M, peak: 524M

vm_info: OpenJDK 64-Bit Server VM (17.0.9+0--11185874) for windows-amd64 JRE (17.0.9+0--11185874), built on Dec  6 2023 18:57:44 by "androidbuild" with MS VC++ 16.10 / 16.11 (VS2019)

END.
