#
# There is insufficient memory for the Java Runtime Environment to continue.
# Native memory allocation (malloc) failed to allocate 1670336 bytes for Chunk::new
# Possible reasons:
#   The system is out of physical RAM or swap space
#   The process is running with CompressedOops enabled, and the Java Heap may be blocking the growth of the native heap
# Possible solutions:
#   Reduce memory load on the system
#   Increase physical memory or swap space
#   Check if swap backing store is full
#   Decrease Java heap size (-Xmx/-Xms)
#   Decrease number of Java threads
#   Decrease Java thread stack sizes (-Xss)
#   Set larger code cache with -XX:ReservedCodeCacheSize=
#   JVM is running with Unscaled Compressed Oops mode in which the Java heap is
#     placed in the first 4GB address space. The Java Heap base address is the
#     maximum limit for the native heap growth. Please use -XX:HeapBaseMinAddress
#     to set the Java Heap base and to place the Java Heap above 4GB virtual address.
# This output file may be truncated or incomplete.
#
#  Out of Memory Error (arena.cpp:191), pid=12200, tid=7556
#
# JRE version: OpenJDK Runtime Environment (17.0.9) (build 17.0.9+0--11185874)
# Java VM: OpenJDK 64-Bit Server VM (17.0.9+0--11185874, mixed mode, tiered, compressed oops, compressed class ptrs, g1 gc, windows-amd64)
# No core dump will be written. Minidumps are not enabled by default on client versions of Windows
#

---------------  S U M M A R Y ------------

Command Line: --add-opens=java.base/java.util.concurrent.atomic=ALL-UNNAMED --add-opens=java.base/java.util=ALL-UNNAMED --add-opens=java.base/java.lang=ALL-UNNAMED --add-opens=java.base/java.lang.invoke=ALL-UNNAMED --add-opens=java.prefs/java.util.prefs=ALL-UNNAMED --add-opens=java.base/java.nio.charset=ALL-UNNAMED --add-opens=java.base/java.net=ALL-UNNAMED --add-opens=java.base/java.util.concurrent.atomic=ALL-UNNAMED -Xmx2048m -Dfile.encoding=UTF-8 -Duser.country=IN -Duser.language=en -Duser.variant -javaagent:E:\BluetoothConnectivity-master\.gradle\wrapper\dists\gradle-8.5-bin\5t9huq95ubn472n8rpzujfbqh\gradle-8.5\lib\agents\gradle-instrumentation-agent-8.5.jar org.gradle.launcher.daemon.bootstrap.GradleDaemon 8.5

Host: Intel(R) Core(TM) i5-4200U CPU @ 1.60GHz, 4 cores, 7G,  Windows 10 , 64 bit Build 19041 (10.0.19041.5794)
Time: Thu May 29 13:33:36 2025 India Standard Time elapsed time: 59.428125 seconds (0d 0h 0m 59s)

---------------  T H R E A D  ---------------

Current thread (0x000001717f026340):  JavaThread "C2 CompilerThread0" daemon [_thread_in_native, id=7556, stack(0x0000000f32a00000,0x0000000f32b00000)]


Current CompileTask:
C2:  59428 4764       4       groovyjarjarantlr4.v4.runtime.atn.PredictionContext::getCachedContext (297 bytes)

Stack: [0x0000000f32a00000,0x0000000f32b00000]
Native frames: (J=compiled Java code, j=interpreted, Vv=VM code, C=native code)
V  [jvm.dll+0x6886e9]
V  [jvm.dll+0x841e4a]
V  [jvm.dll+0x843a8e]
V  [jvm.dll+0x8440f3]
V  [jvm.dll+0x24c14f]
V  [jvm.dll+0xac44c]
V  [jvm.dll+0xaca9c]
V  [jvm.dll+0x2b376f]
V  [jvm.dll+0x590767]
V  [jvm.dll+0x226762]
V  [jvm.dll+0x226b4f]
V  [jvm.dll+0x21fc76]
V  [jvm.dll+0x21d0c1]
V  [jvm.dll+0x1a674d]
V  [jvm.dll+0x22d088]
V  [jvm.dll+0x22b1c0]
V  [jvm.dll+0x7f62f7]
V  [jvm.dll+0x7f06aa]
V  [jvm.dll+0x687565]
C  [ucrtbase.dll+0x21bb2]
C  [KERNEL32.DLL+0x17374]
C  [ntdll.dll+0x4cc91]


---------------  P R O C E S S  ---------------

Threads class SMR info:
_java_thread_list=0x0000017110bec130, length=38, elements={
0x00000171704ff960, 0x000001717ab05260, 0x000001717aad03f0, 0x000001717aaf08d0,
0x000001717aaf11a0, 0x000001717aaf1a70, 0x000001717aaf2340, 0x000001717f026340,
0x000001717f028d10, 0x000001717ab067a0, 0x000001717f1b2bd0, 0x000001717f277740,
0x00000171101dd010, 0x000001710f53a2e0, 0x000001710fe9e4f0, 0x000001711002c660,
0x000001711005e050, 0x000001711005e530, 0x0000017110498e80, 0x0000017110499360,
0x00000171102527a0, 0x00000171102536d0, 0x00000171102540f0, 0x0000017110252290,
0x0000017110253be0, 0x0000017110254600, 0x0000017110251d80, 0x0000017110254b10,
0x00000171102531c0, 0x000001710fd264c0, 0x000001710fd26ee0, 0x000001710fd24150,
0x000001710fd269d0, 0x000001710fd2bad0, 0x000001710fd273f0, 0x000001710fd2a180,
0x000001710fd27e10, 0x000001710fd25080
}

Java Threads: ( => current thread )
  0x00000171704ff960 JavaThread "main" [_thread_blocked, id=19368, stack(0x0000000f31d00000,0x0000000f31e00000)]
  0x000001717ab05260 JavaThread "Reference Handler" daemon [_thread_blocked, id=2520, stack(0x0000000f32400000,0x0000000f32500000)]
  0x000001717aad03f0 JavaThread "Finalizer" daemon [_thread_blocked, id=19304, stack(0x0000000f32500000,0x0000000f32600000)]
  0x000001717aaf08d0 JavaThread "Signal Dispatcher" daemon [_thread_blocked, id=13952, stack(0x0000000f32600000,0x0000000f32700000)]
  0x000001717aaf11a0 JavaThread "Attach Listener" daemon [_thread_blocked, id=4164, stack(0x0000000f32700000,0x0000000f32800000)]
  0x000001717aaf1a70 JavaThread "Service Thread" daemon [_thread_blocked, id=6532, stack(0x0000000f32800000,0x0000000f32900000)]
  0x000001717aaf2340 JavaThread "Monitor Deflation Thread" daemon [_thread_blocked, id=3128, stack(0x0000000f32900000,0x0000000f32a00000)]
=>0x000001717f026340 JavaThread "C2 CompilerThread0" daemon [_thread_in_native, id=7556, stack(0x0000000f32a00000,0x0000000f32b00000)]
  0x000001717f028d10 JavaThread "C1 CompilerThread0" daemon [_thread_blocked, id=1912, stack(0x0000000f32b00000,0x0000000f32c00000)]
  0x000001717ab067a0 JavaThread "Sweeper thread" daemon [_thread_blocked, id=3796, stack(0x0000000f32c00000,0x0000000f32d00000)]
  0x000001717f1b2bd0 JavaThread "Common-Cleaner" daemon [_thread_blocked, id=13748, stack(0x0000000f32d00000,0x0000000f32e00000)]
  0x000001717f277740 JavaThread "Notification Thread" daemon [_thread_blocked, id=18776, stack(0x0000000f32e00000,0x0000000f32f00000)]
  0x00000171101dd010 JavaThread "Daemon health stats" [_thread_blocked, id=12004, stack(0x0000000f33300000,0x0000000f33400000)]
  0x000001710f53a2e0 JavaThread "Incoming local TCP Connector on port 54839" [_thread_in_native, id=2672, stack(0x0000000f33400000,0x0000000f33500000)]
  0x000001710fe9e4f0 JavaThread "Daemon periodic checks" [_thread_blocked, id=12952, stack(0x0000000f33500000,0x0000000f33600000)]
  0x000001711002c660 JavaThread "Daemon" [_thread_blocked, id=9596, stack(0x0000000f33600000,0x0000000f33700000)]
  0x000001711005e050 JavaThread "Handler for socket connection from /127.0.0.1:54839 to /127.0.0.1:54840" [_thread_in_native, id=16828, stack(0x0000000f33700000,0x0000000f33800000)]
  0x000001711005e530 JavaThread "Cancel handler" [_thread_blocked, id=16008, stack(0x0000000f33800000,0x0000000f33900000)]
  0x0000017110498e80 JavaThread "Daemon worker" [_thread_in_Java, id=14652, stack(0x0000000f33900000,0x0000000f33a00000)]
  0x0000017110499360 JavaThread "Asynchronous log dispatcher for DefaultDaemonConnection: socket connection from /127.0.0.1:54839 to /127.0.0.1:54840" [_thread_blocked, id=16488, stack(0x0000000f33a00000,0x0000000f33b00000)]
  0x00000171102527a0 JavaThread "Stdin handler" [_thread_blocked, id=5600, stack(0x0000000f33b00000,0x0000000f33c00000)]
  0x00000171102536d0 JavaThread "Daemon client event forwarder" [_thread_blocked, id=10108, stack(0x0000000f33c00000,0x0000000f33d00000)]
  0x00000171102540f0 JavaThread "Cache worker for journal cache (E:\BluetoothConnectivity-master\.gradle\caches\journal-1)" [_thread_blocked, id=19140, stack(0x0000000f33d00000,0x0000000f33e00000)]
  0x0000017110252290 JavaThread "File lock request listener" [_thread_in_native, id=1132, stack(0x0000000f33e00000,0x0000000f33f00000)]
  0x0000017110253be0 JavaThread "Cache worker for file hash cache (E:\BluetoothConnectivity-master\.gradle\caches\8.5\fileHashes)" [_thread_blocked, id=2168, stack(0x0000000f33f00000,0x0000000f34000000)]
  0x0000017110254600 JavaThread "File lock release action executor" [_thread_blocked, id=11216, stack(0x0000000f34000000,0x0000000f34100000)]
  0x0000017110251d80 JavaThread "File watcher server" daemon [_thread_in_native, id=17900, stack(0x0000000f34100000,0x0000000f34200000)]
  0x0000017110254b10 JavaThread "File watcher consumer" daemon [_thread_blocked, id=14868, stack(0x0000000f34200000,0x0000000f34300000)]
  0x00000171102531c0 JavaThread "jar transforms" [_thread_blocked, id=16548, stack(0x0000000f34300000,0x0000000f34400000)]
  0x000001710fd264c0 JavaThread "jar transforms Thread 2" [_thread_blocked, id=10276, stack(0x0000000f34400000,0x0000000f34500000)]
  0x000001710fd26ee0 JavaThread "jar transforms Thread 3" [_thread_blocked, id=18116, stack(0x0000000f34500000,0x0000000f34600000)]
  0x000001710fd24150 JavaThread "jar transforms Thread 4" [_thread_blocked, id=5436, stack(0x0000000f34600000,0x0000000f34700000)]
  0x000001710fd269d0 JavaThread "Cache worker for checksums cache (E:\Android_project\HeartRate2\.gradle\8.5\checksums)" [_thread_blocked, id=2004, stack(0x0000000f34900000,0x0000000f34a00000)]
  0x000001710fd2bad0 JavaThread "Cache worker for file hash cache (E:\Android_project\HeartRate2\.gradle\8.5\fileHashes)" [_thread_blocked, id=16444, stack(0x0000000f34a00000,0x0000000f34b00000)]
  0x000001710fd273f0 JavaThread "Cache worker for cache directory md-supplier (E:\BluetoothConnectivity-master\.gradle\caches\8.5\md-supplier)" [_thread_blocked, id=9252, stack(0x0000000f34b00000,0x0000000f34c00000)]
  0x000001710fd2a180 JavaThread "Cache worker for cache directory md-rule (E:\BluetoothConnectivity-master\.gradle\caches\8.5\md-rule)" [_thread_blocked, id=12088, stack(0x0000000f34c00000,0x0000000f34d00000)]
  0x000001710fd27e10 JavaThread "Cache worker for file content cache (E:\BluetoothConnectivity-master\.gradle\caches\8.5\fileContent)" [_thread_blocked, id=12140, stack(0x0000000f34e00000,0x0000000f34f00000)]
  0x000001710fd25080 JavaThread "Cache worker for execution history cache (E:\BluetoothConnectivity-master\.gradle\caches\8.5\executionHistory)" [_thread_blocked, id=18576, stack(0x0000000f34f00000,0x0000000f35000000)]

Other Threads:
  0x000001717aacb6e0 VMThread "VM Thread" [stack: 0x0000000f32300000,0x0000000f32400000] [id=2580]
  0x000001717f277c20 WatcherThread [stack: 0x0000000f32f00000,0x0000000f33000000] [id=10260]
  0x000001717055ace0 GCTaskThread "GC Thread#0" [stack: 0x0000000f31e00000,0x0000000f31f00000] [id=10672]
  0x000001717f4f8280 GCTaskThread "GC Thread#1" [stack: 0x0000000f33000000,0x0000000f33100000] [id=9540]
  0x000001717f394410 GCTaskThread "GC Thread#2" [stack: 0x0000000f33100000,0x0000000f33200000] [id=12540]
  0x000001710f0afc90 GCTaskThread "GC Thread#3" [stack: 0x0000000f33200000,0x0000000f33300000] [id=17952]
  0x000001717056bb40 ConcurrentGCThread "G1 Main Marker" [stack: 0x0000000f31f00000,0x0000000f32000000] [id=5308]
  0x000001717056c470 ConcurrentGCThread "G1 Conc#0" [stack: 0x0000000f32000000,0x0000000f32100000] [id=652]
  0x00000171705bdb40 ConcurrentGCThread "G1 Refine#0" [stack: 0x0000000f32100000,0x0000000f32200000] [id=6456]
  0x000001710f13a020 ConcurrentGCThread "G1 Refine#1" [stack: 0x0000000f34d00000,0x0000000f34e00000] [id=7880]
  0x00000171705be480 ConcurrentGCThread "G1 Service" [stack: 0x0000000f32200000,0x0000000f32300000] [id=18472]

Threads with active compile tasks:
C2 CompilerThread0    59563 4764       4       groovyjarjarantlr4.v4.runtime.atn.PredictionContext::getCachedContext (297 bytes)

VM state: not at safepoint (normal execution)

VM Mutex/Monitor currently owned by a thread: None

Heap address: 0x0000000080000000, size: 2048 MB, Compressed Oops mode: 32-bit

CDS archive(s) not mapped
Compressed class space mapped at: 0x0000000100000000-0x0000000140000000, reserved size: 1073741824
Narrow klass base: 0x0000000000000000, Narrow klass shift: 3, Narrow klass range: 0x140000000

GC Precious Log:
 CPUs: 4 total, 4 available
 Memory: 8113M
 Large Page Support: Disabled
 NUMA Support: Disabled
 Compressed Oops: Enabled (32-bit)
 Heap Region Size: 1M
 Heap Min Capacity: 8M
 Heap Initial Capacity: 128M
 Heap Max Capacity: 2G
 Pre-touch: Disabled
 Parallel Workers: 4
 Concurrent Workers: 1
 Concurrent Refinement Workers: 4
 Periodic GC: Disabled

Heap:
 garbage-first heap   total 89088K, used 63743K [0x0000000080000000, 0x0000000100000000)
  region size 1024K, 21 young (21504K), 2 survivors (2048K)
 Metaspace       used 51592K, committed 51968K, reserved 1114112K
  class space    used 6938K, committed 7104K, reserved 1048576K

Heap Regions: E=young(eden), S=young(survivor), O=old, HS=humongous(starts), HC=humongous(continues), CS=collection set, F=free, OA=open archive, CA=closed archive, TAMS=top-at-mark-start (previous, next)
|   0|0x0000000080000000, 0x0000000080100000, 0x0000000080100000|100%| O|  |TAMS 0x0000000080100000, 0x0000000080000000| Untracked 
|   1|0x0000000080100000, 0x0000000080200000, 0x0000000080200000|100%| O|  |TAMS 0x0000000080200000, 0x0000000080100000| Untracked 
|   2|0x0000000080200000, 0x0000000080300000, 0x0000000080300000|100%|HS|  |TAMS 0x0000000080300000, 0x0000000080200000| Complete 
|   3|0x0000000080300000, 0x0000000080400000, 0x0000000080400000|100%|HC|  |TAMS 0x0000000080400000, 0x0000000080300000| Complete 
|   4|0x0000000080400000, 0x0000000080500000, 0x0000000080500000|100%|HC|  |TAMS 0x0000000080500000, 0x0000000080400000| Complete 
|   5|0x0000000080500000, 0x0000000080600000, 0x0000000080600000|100%|HC|  |TAMS 0x0000000080600000, 0x0000000080500000| Complete 
|   6|0x0000000080600000, 0x0000000080700000, 0x0000000080700000|100%| O|  |TAMS 0x0000000080700000, 0x0000000080600000| Untracked 
|   7|0x0000000080700000, 0x0000000080800000, 0x0000000080800000|100%| O|  |TAMS 0x0000000080800000, 0x0000000080700000| Untracked 
|   8|0x0000000080800000, 0x0000000080900000, 0x0000000080900000|100%| O|  |TAMS 0x0000000080900000, 0x0000000080800000| Untracked 
|   9|0x0000000080900000, 0x0000000080a00000, 0x0000000080a00000|100%| O|  |TAMS 0x0000000080a00000, 0x0000000080900000| Untracked 
|  10|0x0000000080a00000, 0x0000000080aa5600, 0x0000000080b00000| 64%| O|  |TAMS 0x0000000080aa5600, 0x0000000080a00000| Untracked 
|  11|0x0000000080b00000, 0x0000000080c00000, 0x0000000080c00000|100%| O|  |TAMS 0x0000000080c00000, 0x0000000080b00000| Untracked 
|  12|0x0000000080c00000, 0x0000000080d00000, 0x0000000080d00000|100%| O|  |TAMS 0x0000000080d00000, 0x0000000080c00000| Untracked 
|  13|0x0000000080d00000, 0x0000000080e00000, 0x0000000080e00000|100%| O|  |TAMS 0x0000000080e00000, 0x0000000080d00000| Untracked 
|  14|0x0000000080e00000, 0x0000000080f00000, 0x0000000080f00000|100%| O|  |TAMS 0x0000000080f00000, 0x0000000080e00000| Untracked 
|  15|0x0000000080f00000, 0x0000000081000000, 0x0000000081000000|100%| O|  |TAMS 0x0000000081000000, 0x0000000080f00000| Untracked 
|  16|0x0000000081000000, 0x0000000081100000, 0x0000000081100000|100%| O|  |TAMS 0x0000000081100000, 0x0000000081000000| Untracked 
|  17|0x0000000081100000, 0x0000000081200000, 0x0000000081200000|100%| O|  |TAMS 0x0000000081200000, 0x0000000081100000| Untracked 
|  18|0x0000000081200000, 0x0000000081300000, 0x0000000081300000|100%| O|  |TAMS 0x0000000081300000, 0x0000000081200000| Untracked 
|  19|0x0000000081300000, 0x0000000081400000, 0x0000000081400000|100%|HS|  |TAMS 0x0000000081400000, 0x0000000081300000| Complete 
|  20|0x0000000081400000, 0x0000000081500000, 0x0000000081500000|100%|HC|  |TAMS 0x0000000081500000, 0x0000000081400000| Complete 
|  21|0x0000000081500000, 0x0000000081600000, 0x0000000081600000|100%|HS|  |TAMS 0x0000000081600000, 0x0000000081500000| Complete 
|  22|0x0000000081600000, 0x0000000081700000, 0x0000000081700000|100%|HC|  |TAMS 0x0000000081700000, 0x0000000081600000| Complete 
|  23|0x0000000081700000, 0x0000000081800000, 0x0000000081800000|100%|HC|  |TAMS 0x0000000081800000, 0x0000000081700000| Complete 
|  24|0x0000000081800000, 0x0000000081900000, 0x0000000081900000|100%|HS|  |TAMS 0x0000000081900000, 0x0000000081800000| Complete 
|  25|0x0000000081900000, 0x0000000081a00000, 0x0000000081a00000|100%|HC|  |TAMS 0x0000000081a00000, 0x0000000081900000| Complete 
|  26|0x0000000081a00000, 0x0000000081b00000, 0x0000000081b00000|100%|HC|  |TAMS 0x0000000081b00000, 0x0000000081a00000| Complete 
|  27|0x0000000081b00000, 0x0000000081c00000, 0x0000000081c00000|100%| O|  |TAMS 0x0000000081c00000, 0x0000000081b00000| Untracked 
|  28|0x0000000081c00000, 0x0000000081d00000, 0x0000000081d00000|100%| O|  |TAMS 0x0000000081d00000, 0x0000000081c00000| Untracked 
|  29|0x0000000081d00000, 0x0000000081e00000, 0x0000000081e00000|100%| O|  |TAMS 0x0000000081e00000, 0x0000000081d00000| Untracked 
|  30|0x0000000081e00000, 0x0000000081f00000, 0x0000000081f00000|100%| O|  |TAMS 0x0000000081f00000, 0x0000000081e00000| Untracked 
|  31|0x0000000081f00000, 0x0000000082000000, 0x0000000082000000|100%| O|  |TAMS 0x0000000082000000, 0x0000000081f00000| Untracked 
|  32|0x0000000082000000, 0x0000000082100000, 0x0000000082100000|100%| O|  |TAMS 0x0000000082100000, 0x0000000082000000| Untracked 
|  33|0x0000000082100000, 0x0000000082200000, 0x0000000082200000|100%| O|  |TAMS 0x0000000082200000, 0x0000000082100000| Untracked 
|  34|0x0000000082200000, 0x0000000082300000, 0x0000000082300000|100%| O|  |TAMS 0x0000000082300000, 0x0000000082200000| Untracked 
|  35|0x0000000082300000, 0x0000000082400000, 0x0000000082400000|100%| O|  |TAMS 0x0000000082400000, 0x0000000082300000| Untracked 
|  36|0x0000000082400000, 0x0000000082500000, 0x0000000082500000|100%| O|  |TAMS 0x0000000082500000, 0x0000000082400000| Untracked 
|  37|0x0000000082500000, 0x0000000082600000, 0x0000000082600000|100%| O|  |TAMS 0x0000000082600000, 0x0000000082500000| Untracked 
|  38|0x0000000082600000, 0x0000000082700000, 0x0000000082700000|100%| O|  |TAMS 0x0000000082700000, 0x0000000082600000| Untracked 
|  39|0x0000000082700000, 0x0000000082800000, 0x0000000082800000|100%| O|  |TAMS 0x0000000082800000, 0x0000000082700000| Untracked 
|  40|0x0000000082800000, 0x0000000082900000, 0x0000000082900000|100%| O|  |TAMS 0x0000000082807c00, 0x0000000082800000| Untracked 
|  41|0x0000000082900000, 0x0000000082929400, 0x0000000082a00000| 16%| O|  |TAMS 0x0000000082900000, 0x0000000082900000| Untracked 
|  42|0x0000000082a00000, 0x0000000082b00000, 0x0000000082b00000|100%| O|  |TAMS 0x0000000082b00000, 0x0000000082a00000| Untracked 
|  43|0x0000000082b00000, 0x0000000082c00000, 0x0000000082c00000|100%| O|  |TAMS 0x0000000082c00000, 0x0000000082b00000| Untracked 
|  44|0x0000000082c00000, 0x0000000082c00000, 0x0000000082d00000|  0%| F|  |TAMS 0x0000000082c00000, 0x0000000082c00000| Untracked 
|  45|0x0000000082d00000, 0x0000000082d00000, 0x0000000082e00000|  0%| F|  |TAMS 0x0000000082d00000, 0x0000000082d00000| Untracked 
|  46|0x0000000082e00000, 0x0000000082e00000, 0x0000000082f00000|  0%| F|  |TAMS 0x0000000082e00000, 0x0000000082e00000| Untracked 
|  47|0x0000000082f00000, 0x0000000082f00000, 0x0000000083000000|  0%| F|  |TAMS 0x0000000082f00000, 0x0000000082f00000| Untracked 
|  48|0x0000000083000000, 0x0000000083000000, 0x0000000083100000|  0%| F|  |TAMS 0x0000000083000000, 0x0000000083000000| Untracked 
|  49|0x0000000083100000, 0x0000000083100000, 0x0000000083200000|  0%| F|  |TAMS 0x0000000083100000, 0x0000000083100000| Untracked 
|  50|0x0000000083200000, 0x0000000083200000, 0x0000000083300000|  0%| F|  |TAMS 0x0000000083200000, 0x0000000083200000| Untracked 
|  51|0x0000000083300000, 0x0000000083300000, 0x0000000083400000|  0%| F|  |TAMS 0x0000000083300000, 0x0000000083300000| Untracked 
|  52|0x0000000083400000, 0x0000000083400000, 0x0000000083500000|  0%| F|  |TAMS 0x0000000083400000, 0x0000000083400000| Untracked 
|  53|0x0000000083500000, 0x0000000083500000, 0x0000000083600000|  0%| F|  |TAMS 0x0000000083500000, 0x0000000083500000| Untracked 
|  54|0x0000000083600000, 0x0000000083600000, 0x0000000083700000|  0%| F|  |TAMS 0x0000000083600000, 0x0000000083600000| Untracked 
|  55|0x0000000083700000, 0x0000000083700000, 0x0000000083800000|  0%| F|  |TAMS 0x0000000083700000, 0x0000000083700000| Untracked 
|  56|0x0000000083800000, 0x0000000083800000, 0x0000000083900000|  0%| F|  |TAMS 0x0000000083800000, 0x0000000083800000| Untracked 
|  57|0x0000000083900000, 0x0000000083900000, 0x0000000083a00000|  0%| F|  |TAMS 0x0000000083900000, 0x0000000083900000| Untracked 
|  58|0x0000000083a00000, 0x0000000083a00000, 0x0000000083b00000|  0%| F|  |TAMS 0x0000000083a00000, 0x0000000083a00000| Untracked 
|  59|0x0000000083b00000, 0x0000000083b00000, 0x0000000083c00000|  0%| F|  |TAMS 0x0000000083b00000, 0x0000000083b00000| Untracked 
|  60|0x0000000083c00000, 0x0000000083c00000, 0x0000000083d00000|  0%| F|  |TAMS 0x0000000083c00000, 0x0000000083c00000| Untracked 
|  61|0x0000000083d00000, 0x0000000083d00000, 0x0000000083e00000|  0%| F|  |TAMS 0x0000000083d00000, 0x0000000083d00000| Untracked 
|  62|0x0000000083e00000, 0x0000000083e00000, 0x0000000083f00000|  0%| F|  |TAMS 0x0000000083e00000, 0x0000000083e00000| Untracked 
|  63|0x0000000083f00000, 0x0000000083f00000, 0x0000000084000000|  0%| F|  |TAMS 0x0000000083f00000, 0x0000000083f00000| Untracked 
|  64|0x0000000084000000, 0x00000000840712d0, 0x0000000084100000| 44%| S|CS|TAMS 0x0000000084000000, 0x0000000084000000| Complete 
|  65|0x0000000084100000, 0x0000000084200000, 0x0000000084200000|100%| S|CS|TAMS 0x0000000084100000, 0x0000000084100000| Complete 
|  66|0x0000000084200000, 0x0000000084200000, 0x0000000084300000|  0%| F|  |TAMS 0x0000000084200000, 0x0000000084200000| Untracked 
|  67|0x0000000084300000, 0x0000000084380800, 0x0000000084400000| 50%| E|  |TAMS 0x0000000084300000, 0x0000000084300000| Complete 
|  68|0x0000000084400000, 0x0000000084500000, 0x0000000084500000|100%| E|CS|TAMS 0x0000000084400000, 0x0000000084400000| Complete 
|  69|0x0000000084500000, 0x0000000084600000, 0x0000000084600000|100%| E|CS|TAMS 0x0000000084500000, 0x0000000084500000| Complete 
|  70|0x0000000084600000, 0x0000000084700000, 0x0000000084700000|100%| E|CS|TAMS 0x0000000084600000, 0x0000000084600000| Complete 
|  71|0x0000000084700000, 0x0000000084800000, 0x0000000084800000|100%| E|CS|TAMS 0x0000000084700000, 0x0000000084700000| Complete 
|  72|0x0000000084800000, 0x0000000084900000, 0x0000000084900000|100%| E|CS|TAMS 0x0000000084800000, 0x0000000084800000| Complete 
|  73|0x0000000084900000, 0x0000000084a00000, 0x0000000084a00000|100%| E|CS|TAMS 0x0000000084900000, 0x0000000084900000| Complete 
|  74|0x0000000084a00000, 0x0000000084b00000, 0x0000000084b00000|100%| E|CS|TAMS 0x0000000084a00000, 0x0000000084a00000| Complete 
|  75|0x0000000084b00000, 0x0000000084c00000, 0x0000000084c00000|100%| E|CS|TAMS 0x0000000084b00000, 0x0000000084b00000| Complete 
|  76|0x0000000084c00000, 0x0000000084d00000, 0x0000000084d00000|100%| E|CS|TAMS 0x0000000084c00000, 0x0000000084c00000| Complete 
|  77|0x0000000084d00000, 0x0000000084e00000, 0x0000000084e00000|100%| E|CS|TAMS 0x0000000084d00000, 0x0000000084d00000| Complete 
|  78|0x0000000084e00000, 0x0000000084f00000, 0x0000000084f00000|100%| E|CS|TAMS 0x0000000084e00000, 0x0000000084e00000| Complete 
|  79|0x0000000084f00000, 0x0000000085000000, 0x0000000085000000|100%| E|CS|TAMS 0x0000000084f00000, 0x0000000084f00000| Complete 
|  80|0x0000000085000000, 0x0000000085100000, 0x0000000085100000|100%| E|CS|TAMS 0x0000000085000000, 0x0000000085000000| Complete 
|  81|0x0000000085100000, 0x0000000085200000, 0x0000000085200000|100%| E|CS|TAMS 0x0000000085100000, 0x0000000085100000| Complete 
|  82|0x0000000085200000, 0x0000000085300000, 0x0000000085300000|100%| E|CS|TAMS 0x0000000085200000, 0x0000000085200000| Complete 
|  83|0x0000000085300000, 0x0000000085400000, 0x0000000085400000|100%| E|CS|TAMS 0x0000000085300000, 0x0000000085300000| Complete 
|  84|0x0000000085400000, 0x0000000085500000, 0x0000000085500000|100%| E|CS|TAMS 0x0000000085400000, 0x0000000085400000| Complete 
|  85|0x0000000085500000, 0x0000000085600000, 0x0000000085600000|100%| E|CS|TAMS 0x0000000085500000, 0x0000000085500000| Complete 
| 127|0x0000000087f00000, 0x0000000088000000, 0x0000000088000000|100%| E|CS|TAMS 0x0000000087f00000, 0x0000000087f00000| Complete 

Card table byte_map: [0x0000017173de0000,0x00000171741e0000] _byte_map_base: 0x00000171739e0000

Marking Bits (Prev, Next): (CMBitMap*) 0x000001717055b250, (CMBitMap*) 0x000001717055b210
 Prev Bits: [0x00000171765e0000, 0x00000171785e0000)
 Next Bits: [0x00000171745e0000, 0x00000171765e0000)

Polling page: 0x000001716fcc0000

Metaspace:

Usage:
  Non-class:     43.61 MB used.
      Class:      6.78 MB used.
       Both:     50.38 MB used.

Virtual space:
  Non-class space:       64.00 MB reserved,      43.81 MB ( 68%) committed,  1 nodes.
      Class space:        1.00 GB reserved,       6.94 MB ( <1%) committed,  1 nodes.
             Both:        1.06 GB reserved,      50.75 MB (  5%) committed. 

Chunk freelists:
   Non-Class:  3.69 MB
       Class:  9.02 MB
        Both:  12.70 MB

MaxMetaspaceSize: unlimited
CompressedClassSpaceSize: 1.00 GB
Initial GC threshold: 21.00 MB
Current GC threshold: 84.62 MB
CDS: off
MetaspaceReclaimPolicy: balanced
 - commit_granule_bytes: 65536.
 - commit_granule_words: 8192.
 - virtual_space_node_default_size: 8388608.
 - enlarge_chunks_in_place: 1.
 - new_chunks_are_fully_committed: 0.
 - uncommit_free_chunks: 1.
 - use_allocation_guard: 0.
 - handle_deallocations: 1.


Internal statistics:

num_allocs_failed_limit: 6.
num_arena_births: 400.
num_arena_deaths: 0.
num_vsnodes_births: 2.
num_vsnodes_deaths: 0.
num_space_committed: 812.
num_space_uncommitted: 0.
num_chunks_returned_to_freelist: 6.
num_chunks_taken_from_freelist: 1956.
num_chunk_merges: 6.
num_chunk_splits: 1318.
num_chunks_enlarged: 957.
num_inconsistent_stats: 0.

CodeHeap 'non-profiled nmethods': size=120000Kb used=2745Kb max_used=2745Kb free=117254Kb
 bounds [0x0000017107ad0000, 0x0000017107d80000, 0x000001710f000000]
CodeHeap 'profiled nmethods': size=120000Kb used=10046Kb max_used=10046Kb free=109954Kb
 bounds [0x0000017100000000, 0x00000171009d0000, 0x0000017107530000]
CodeHeap 'non-nmethods': size=5760Kb used=2305Kb max_used=2350Kb free=3454Kb
 bounds [0x0000017107530000, 0x00000171077a0000, 0x0000017107ad0000]
 total_blobs=5619 nmethods=4798 adapters=733
 compilation: enabled
              stopped_count=0, restarted_count=0
 full_count=0

Compilation events (20 events):
Event: 58.931 Thread 0x000001717f026340 nmethod 4844 0x0000017107d7ab90 code [0x0000017107d7adc0, 0x0000017107d7bc48]
Event: 58.931 Thread 0x000001717f026340 4845       4       java.util.HashMap$TreeNode::find (172 bytes)
Event: 59.000 Thread 0x000001717f026340 nmethod 4845 0x0000017107d7c890 code [0x0000017107d7caa0, 0x0000017107d7d728]
Event: 59.000 Thread 0x000001717f026340 4764       4       groovyjarjarantlr4.v4.runtime.atn.PredictionContext::getCachedContext (297 bytes)
Event: 59.057 Thread 0x000001717f028d10 4862 %     3       java.util.TimSort::gallopLeft @ 143 (335 bytes)
Event: 59.058 Thread 0x000001717f028d10 nmethod 4862% 0x00000171009c4a10 code [0x00000171009c4c40, 0x00000171009c5998]
Event: 59.058 Thread 0x000001717f028d10 4863       3       java.util.TimSort::gallopLeft (335 bytes)
Event: 59.060 Thread 0x000001717f028d10 nmethod 4863 0x00000171009c5e10 code [0x00000171009c6040, 0x00000171009c6b18]
Event: 59.171 Thread 0x000001717f028d10 4864       1       groovyjarjarantlr4.v4.runtime.ProxyErrorListener::getDelegates (5 bytes)
Event: 59.171 Thread 0x000001717f028d10 nmethod 4864 0x0000017107d7e210 code [0x0000017107d7e3a0, 0x0000017107d7e478]
Event: 59.230 Thread 0x000001717f028d10 4867       2       org.apache.groovy.parser.antlr4.GroovyParser$ExpressionContext::<init> (7 bytes)
Event: 59.231 Thread 0x000001717f028d10 nmethod 4867 0x00000171009c6e90 code [0x00000171009c7020, 0x00000171009c71b8]
Event: 59.231 Thread 0x000001717f028d10 4868       2       org.apache.groovy.parser.antlr4.GroovyParser$ExpressionContext::<init> (5 bytes)
Event: 59.231 Thread 0x000001717f028d10 nmethod 4868 0x00000171009c7290 code [0x00000171009c7420, 0x00000171009c7558]
Event: 59.237 Thread 0x000001717f028d10 4869       2       groovyjarjarantlr4.v4.runtime.dfa.DFA::getPrecedenceStartState (51 bytes)
Event: 59.238 Thread 0x000001717f028d10 nmethod 4869 0x00000171009c7610 code [0x00000171009c7800, 0x00000171009c7b28]
Event: 59.249 Thread 0x000001717f028d10 4871 %     3       java.util.TimSort::gallopRight @ 147 (335 bytes)
Event: 59.251 Thread 0x000001717f028d10 nmethod 4871% 0x00000171009c7d10 code [0x00000171009c7f40, 0x00000171009c8cb8]
Event: 59.347 Thread 0x000001717f028d10 4873       3       java.util.TimSort::gallopRight (335 bytes)
Event: 59.349 Thread 0x000001717f028d10 nmethod 4873 0x00000171009c9110 code [0x00000171009c9340, 0x00000171009c9e58]

GC Heap History (20 events):
Event: 44.958 GC heap before
{Heap before GC invocations=10 (full 0):
 garbage-first heap   total 71680K, used 56389K [0x0000000080000000, 0x0000000100000000)
  region size 1024K, 24 young (24576K), 1 survivors (1024K)
 Metaspace       used 40890K, committed 41344K, reserved 1114112K
  class space    used 5532K, committed 5760K, reserved 1048576K
}
Event: 44.968 GC heap after
{Heap after GC invocations=11 (full 0):
 garbage-first heap   total 71680K, used 35672K [0x0000000080000000, 0x0000000100000000)
  region size 1024K, 3 young (3072K), 3 survivors (3072K)
 Metaspace       used 40890K, committed 41344K, reserved 1114112K
  class space    used 5532K, committed 5760K, reserved 1048576K
}
Event: 45.586 GC heap before
{Heap before GC invocations=11 (full 0):
 garbage-first heap   total 71680K, used 56152K [0x0000000080000000, 0x0000000100000000)
  region size 1024K, 24 young (24576K), 3 survivors (3072K)
 Metaspace       used 43280K, committed 43712K, reserved 1114112K
  class space    used 5792K, committed 6016K, reserved 1048576K
}
Event: 45.593 GC heap after
{Heap after GC invocations=12 (full 0):
 garbage-first heap   total 71680K, used 38338K [0x0000000080000000, 0x0000000100000000)
  region size 1024K, 3 young (3072K), 3 survivors (3072K)
 Metaspace       used 43280K, committed 43712K, reserved 1114112K
  class space    used 5792K, committed 6016K, reserved 1048576K
}
Event: 45.918 GC heap before
{Heap before GC invocations=13 (full 0):
 garbage-first heap   total 76800K, used 50626K [0x0000000080000000, 0x0000000100000000)
  region size 1024K, 17 young (17408K), 3 survivors (3072K)
 Metaspace       used 43732K, committed 44224K, reserved 1114112K
  class space    used 5840K, committed 6080K, reserved 1048576K
}
Event: 45.925 GC heap after
{Heap after GC invocations=14 (full 0):
 garbage-first heap   total 76800K, used 39467K [0x0000000080000000, 0x0000000100000000)
  region size 1024K, 3 young (3072K), 3 survivors (3072K)
 Metaspace       used 43732K, committed 44224K, reserved 1114112K
  class space    used 5840K, committed 6080K, reserved 1048576K
}
Event: 51.040 GC heap before
{Heap before GC invocations=15 (full 0):
 garbage-first heap   total 78848K, used 64043K [0x0000000080000000, 0x0000000100000000)
  region size 1024K, 23 young (23552K), 3 survivors (3072K)
 Metaspace       used 46951K, committed 47296K, reserved 1114112K
  class space    used 6211K, committed 6400K, reserved 1048576K
}
Event: 51.047 GC heap after
{Heap after GC invocations=16 (full 0):
 garbage-first heap   total 78848K, used 40563K [0x0000000080000000, 0x0000000100000000)
  region size 1024K, 2 young (2048K), 2 survivors (2048K)
 Metaspace       used 46951K, committed 47296K, reserved 1114112K
  class space    used 6211K, committed 6400K, reserved 1048576K
}
Event: 55.887 GC heap before
{Heap before GC invocations=16 (full 0):
 garbage-first heap   total 78848K, used 61043K [0x0000000080000000, 0x0000000100000000)
  region size 1024K, 23 young (23552K), 2 survivors (2048K)
 Metaspace       used 49823K, committed 50240K, reserved 1114112K
  class space    used 6710K, committed 6912K, reserved 1048576K
}
Event: 55.895 GC heap after
{Heap after GC invocations=17 (full 0):
 garbage-first heap   total 78848K, used 41355K [0x0000000080000000, 0x0000000100000000)
  region size 1024K, 1 young (1024K), 1 survivors (1024K)
 Metaspace       used 49823K, committed 50240K, reserved 1114112K
  class space    used 6710K, committed 6912K, reserved 1048576K
}
Event: 57.233 GC heap before
{Heap before GC invocations=18 (full 0):
 garbage-first heap   total 78848K, used 63883K [0x0000000080000000, 0x0000000100000000)
  region size 1024K, 23 young (23552K), 1 survivors (1024K)
 Metaspace       used 51474K, committed 51840K, reserved 1114112K
  class space    used 6935K, committed 7104K, reserved 1048576K
}
Event: 57.244 GC heap after
{Heap after GC invocations=19 (full 0):
 garbage-first heap   total 78848K, used 42763K [0x0000000080000000, 0x0000000100000000)
  region size 1024K, 3 young (3072K), 3 survivors (3072K)
 Metaspace       used 51474K, committed 51840K, reserved 1114112K
  class space    used 6935K, committed 7104K, reserved 1048576K
}
Event: 58.045 GC heap before
{Heap before GC invocations=19 (full 0):
 garbage-first heap   total 78848K, used 64267K [0x0000000080000000, 0x0000000100000000)
  region size 1024K, 24 young (24576K), 3 survivors (3072K)
 Metaspace       used 51539K, committed 51968K, reserved 1114112K
  class space    used 6935K, committed 7104K, reserved 1048576K
}
Event: 58.053 GC heap after
{Heap after GC invocations=20 (full 0):
 garbage-first heap   total 78848K, used 44041K [0x0000000080000000, 0x0000000100000000)
  region size 1024K, 3 young (3072K), 3 survivors (3072K)
 Metaspace       used 51539K, committed 51968K, reserved 1114112K
  class space    used 6935K, committed 7104K, reserved 1048576K
}
Event: 58.485 GC heap before
{Heap before GC invocations=21 (full 0):
 garbage-first heap   total 80896K, used 64521K [0x0000000080000000, 0x0000000100000000)
  region size 1024K, 23 young (23552K), 3 survivors (3072K)
 Metaspace       used 51580K, committed 51968K, reserved 1114112K
  class space    used 6938K, committed 7104K, reserved 1048576K
}
Event: 58.498 GC heap after
{Heap after GC invocations=22 (full 0):
 garbage-first heap   total 80896K, used 44956K [0x0000000080000000, 0x0000000100000000)
  region size 1024K, 3 young (3072K), 3 survivors (3072K)
 Metaspace       used 51580K, committed 51968K, reserved 1114112K
  class space    used 6938K, committed 7104K, reserved 1048576K
}
Event: 58.781 GC heap before
{Heap before GC invocations=22 (full 0):
 garbage-first heap   total 80896K, used 66460K [0x0000000080000000, 0x0000000100000000)
  region size 1024K, 24 young (24576K), 3 survivors (3072K)
 Metaspace       used 51589K, committed 51968K, reserved 1114112K
  class space    used 6938K, committed 7104K, reserved 1048576K
}
Event: 58.786 GC heap after
{Heap after GC invocations=23 (full 0):
 garbage-first heap   total 80896K, used 45065K [0x0000000080000000, 0x0000000100000000)
  region size 1024K, 2 young (2048K), 2 survivors (2048K)
 Metaspace       used 51589K, committed 51968K, reserved 1114112K
  class space    used 6938K, committed 7104K, reserved 1048576K
}
Event: 59.255 GC heap before
{Heap before GC invocations=24 (full 0):
 garbage-first heap   total 89088K, used 66569K [0x0000000080000000, 0x0000000100000000)
  region size 1024K, 23 young (23552K), 2 survivors (2048K)
 Metaspace       used 51592K, committed 51968K, reserved 1114112K
  class space    used 6938K, committed 7104K, reserved 1048576K
}
Event: 59.261 GC heap after
{Heap after GC invocations=25 (full 0):
 garbage-first heap   total 89088K, used 45311K [0x0000000080000000, 0x0000000100000000)
  region size 1024K, 2 young (2048K), 2 survivors (2048K)
 Metaspace       used 51592K, committed 51968K, reserved 1114112K
  class space    used 6938K, committed 7104K, reserved 1048576K
}

Dll operation events (3 events):
Event: 0.104 Loaded shared library F:\Android\jbr\bin\java.dll
Event: 0.426 Loaded shared library F:\Android\jbr\bin\zip.dll
Event: 1.044 Loaded shared library F:\Android\jbr\bin\verify.dll

Deoptimization events (20 events):
Event: 57.723 Thread 0x0000017110498e80 Uncommon trap: trap_request=0xffffff45 fr.pc=0x0000017107d53e7c relative=0x000000000000631c
Event: 57.723 Thread 0x0000017110498e80 Uncommon trap: reason=unstable_if action=reinterpret pc=0x0000017107d53e7c method=groovyjarjarantlr4.v4.runtime.atn.PredictionContextCache$IdentityCommutativePredictionContextOperands.equals(Ljava/lang/Object;)Z @ 51 c2
Event: 57.724 Thread 0x0000017110498e80 DEOPT PACKING pc=0x0000017107d53e7c sp=0x0000000f339f5bd0
Event: 57.724 Thread 0x0000017110498e80 DEOPT UNPACKING pc=0x00000171075869a3 sp=0x0000000f339f5a20 mode 2
Event: 57.799 Thread 0x0000017110498e80 DEOPT PACKING pc=0x00000171009725a6 sp=0x0000000f339f5700
Event: 57.799 Thread 0x0000017110498e80 DEOPT UNPACKING pc=0x0000017107587143 sp=0x0000000f339f4c38 mode 0
Event: 58.181 Thread 0x0000017110498e80 DEOPT PACKING pc=0x0000017100921b9c sp=0x0000000f339f79e0
Event: 58.181 Thread 0x0000017110498e80 DEOPT UNPACKING pc=0x0000017107587143 sp=0x0000000f339f6ef8 mode 0
Event: 58.423 Thread 0x0000017110498e80 Uncommon trap: trap_request=0xffffff45 fr.pc=0x0000017107d5ea9c relative=0x0000000000004d5c
Event: 58.423 Thread 0x0000017110498e80 Uncommon trap: reason=unstable_if action=reinterpret pc=0x0000017107d5ea9c method=groovyjarjarantlr4.v4.runtime.atn.ParserATNSimulator.closure(Lgroovyjarjarantlr4/v4/runtime/atn/ATNConfig;Lgroovyjarjarantlr4/v4/runtime/atn/ATNConfigSet;Lgroovyjarjarantlr4
Event: 58.423 Thread 0x0000017110498e80 DEOPT PACKING pc=0x0000017107d5ea9c sp=0x0000000f339f7cf0
Event: 58.423 Thread 0x0000017110498e80 DEOPT UNPACKING pc=0x00000171075869a3 sp=0x0000000f339f7cd8 mode 2
Event: 58.482 Thread 0x0000017110498e80 DEOPT PACKING pc=0x0000017100916aba sp=0x0000000f339f70e0
Event: 58.482 Thread 0x0000017110498e80 DEOPT UNPACKING pc=0x0000017107587143 sp=0x0000000f339f6638 mode 0
Event: 58.539 Thread 0x0000017110498e80 DEOPT PACKING pc=0x000001710092b688 sp=0x0000000f339f7380
Event: 58.539 Thread 0x0000017110498e80 DEOPT UNPACKING pc=0x0000017107587143 sp=0x0000000f339f6870 mode 0
Event: 58.811 Thread 0x0000017110498e80 DEOPT PACKING pc=0x0000017100938d7f sp=0x0000000f339f7390
Event: 58.811 Thread 0x0000017110498e80 DEOPT UNPACKING pc=0x0000017107587143 sp=0x0000000f339f6878 mode 0
Event: 59.063 Thread 0x0000017110498e80 DEOPT PACKING pc=0x00000171009125c2 sp=0x0000000f339f6ae0
Event: 59.063 Thread 0x0000017110498e80 DEOPT UNPACKING pc=0x0000017107587143 sp=0x0000000f339f5f90 mode 0

Classes unloaded (0 events):
No events

Classes redefined (0 events):
No events

Internal exceptions (20 events):
Event: 50.303 Thread 0x0000017110498e80 Exception <a 'java/lang/ClassNotFoundException'{0x0000000084491e90}: org/gradle/api/internal/initialization/DefaultScriptHandlerBeanInfo> (0x0000000084491e90) 
thrown [s\src\hotspot\share\classfile\systemDictionary.cpp, line 256]
Event: 50.304 Thread 0x0000017110498e80 Exception <a 'java/lang/ClassNotFoundException'{0x00000000844a3338}: org/gradle/api/internal/initialization/DefaultScriptHandlerCustomizer> (0x00000000844a3338) 
thrown [s\src\hotspot\share\classfile\systemDictionary.cpp, line 256]
Event: 50.307 Thread 0x0000017110498e80 Exception <a 'java/lang/ClassNotFoundException'{0x00000000844c0b08}: org/gradle/api/internal/initialization/DefaultScriptHandler_DecoratedCustomizer> (0x00000000844c0b08) 
thrown [s\src\hotspot\share\classfile\systemDictionary.cpp, line 256]
Event: 50.755 Thread 0x0000017110498e80 Implicit null exception at 0x0000017107c8bbec to 0x0000017107c8bc94
Event: 50.771 Thread 0x0000017110498e80 Exception <a 'java/lang/ClassNotFoundException'{0x0000000083934758}: org/gradle/api/internal/artifacts/dsl/dependencies/DefaultDependencyHandler_DecoratedBeanInfo> (0x0000000083934758) 
thrown [s\src\hotspot\share\classfile\systemDictionary.cpp, line 256]
Event: 50.772 Thread 0x0000017110498e80 Exception <a 'java/lang/ClassNotFoundException'{0x000000008394b810}: org/gradle/api/internal/artifacts/dsl/dependencies/DefaultDependencyHandlerBeanInfo> (0x000000008394b810) 
thrown [s\src\hotspot\share\classfile\systemDictionary.cpp, line 256]
Event: 50.774 Thread 0x0000017110498e80 Exception <a 'java/lang/ClassNotFoundException'{0x0000000083962320}: org/gradle/api/internal/artifacts/dsl/dependencies/DefaultDependencyHandlerCustomizer> (0x0000000083962320) 
thrown [s\src\hotspot\share\classfile\systemDictionary.cpp, line 256]
Event: 50.780 Thread 0x0000017110498e80 Exception <a 'java/lang/ClassNotFoundException'{0x00000000839a1f20}: org/gradle/api/internal/artifacts/dsl/dependencies/DefaultDependencyHandler_DecoratedCustomizer> (0x00000000839a1f20) 
thrown [s\src\hotspot\share\classfile\systemDictionary.cpp, line 256]
Event: 50.786 Thread 0x0000017110498e80 Exception <a 'java/lang/ClassNotFoundException'{0x00000000839e3f80}: sync_studio_tooling655_deapdg3c0iftffascs6anh66x$_run_closure1BeanInfo> (0x00000000839e3f80) 
thrown [s\src\hotspot\share\classfile\systemDictionary.cpp, line 256]
Event: 50.787 Thread 0x0000017110498e80 Exception <a 'java/lang/ClassNotFoundException'{0x00000000839eaf70}: sync_studio_tooling655_deapdg3c0iftffascs6anh66x$_run_closure1Customizer> (0x00000000839eaf70) 
thrown [s\src\hotspot\share\classfile\systemDictionary.cpp, line 256]
Event: 51.064 Thread 0x0000017110498e80 Exception <a 'java/lang/NoSuchMethodError'{0x0000000087fbaf10}: 'java.lang.Object java.lang.invoke.DirectMethodHandle$Holder.newInvokeSpecial(java.lang.Object, int, java.lang.Object)'> (0x0000000087fbaf10) 
thrown [s\src\hotspot\share\interpreter\linkResolver.cpp, line 771]
Event: 51.143 Thread 0x0000017110498e80 Exception <a 'java/lang/NoSuchMethodError'{0x000000008498d6c8}: 'void java.lang.invoke.DirectMethodHandle$Holder.invokeInterface(java.lang.Object, java.lang.Object)'> (0x000000008498d6c8) 
thrown [s\src\hotspot\share\interpreter\linkResolver.cpp, line 771]
Event: 51.623 Thread 0x0000017110498e80 Exception <a 'java/lang/NoSuchMethodError'{0x0000000084181398}: 'int java.lang.invoke.DirectMethodHandle$Holder.invokeStatic(java.lang.Object)'> (0x0000000084181398) 
thrown [s\src\hotspot\share\interpreter\linkResolver.cpp, line 771]
Event: 51.624 Thread 0x0000017110498e80 Exception <a 'java/lang/NoSuchMethodError'{0x0000000084185788}: 'int java.lang.invoke.DirectMethodHandle$Holder.invokeStaticInit(java.lang.Object)'> (0x0000000084185788) 
thrown [s\src\hotspot\share\interpreter\linkResolver.cpp, line 771]
Event: 55.413 Thread 0x00000171102531c0 Exception <a 'sun/nio/fs/WindowsException'{0x0000000083f0bbf0}> (0x0000000083f0bbf0) 
thrown [s\src\hotspot\share\prims\jni.cpp, line 517]
Event: 55.434 Thread 0x00000171102531c0 Exception <a 'sun/nio/fs/WindowsException'{0x0000000083f52360}> (0x0000000083f52360) 
thrown [s\src\hotspot\share\prims\jni.cpp, line 517]
Event: 55.435 Thread 0x00000171102531c0 Exception <a 'sun/nio/fs/WindowsException'{0x0000000083f52508}> (0x0000000083f52508) 
thrown [s\src\hotspot\share\prims\jni.cpp, line 517]
Event: 55.526 Thread 0x0000017110498e80 Exception <a 'java/lang/ClassNotFoundException'{0x0000000083f9f1c0}: sync_studio_tooling655_deapdg3c0iftffascs6anh66xBeanInfo> (0x0000000083f9f1c0) 
thrown [s\src\hotspot\share\classfile\systemDictionary.cpp, line 256]
Event: 55.527 Thread 0x0000017110498e80 Exception <a 'java/lang/ClassNotFoundException'{0x0000000083fa5b90}: sync_studio_tooling655_deapdg3c0iftffascs6anh66xCustomizer> (0x0000000083fa5b90) 
thrown [s\src\hotspot\share\classfile\systemDictionary.cpp, line 256]
Event: 55.630 Thread 0x0000017110498e80 Exception <a 'java/lang/NoSuchMethodError'{0x0000000083d34bc0}: 'void java.lang.invoke.DirectMethodHandle$Holder.invokeVirtual(java.lang.Object, java.lang.Object)'> (0x0000000083d34bc0) 
thrown [s\src\hotspot\share\interpreter\linkResolver.cpp, line 771]

VM Operations (20 events):
Event: 56.467 Executing VM operation: ICBufferFull
Event: 56.467 Executing VM operation: ICBufferFull done
Event: 57.233 Executing VM operation: G1CollectForAllocation
Event: 57.244 Executing VM operation: G1CollectForAllocation done
Event: 58.045 Executing VM operation: G1CollectForAllocation
Event: 58.053 Executing VM operation: G1CollectForAllocation done
Event: 58.157 Executing VM operation: G1PauseRemark
Event: 58.163 Executing VM operation: G1PauseRemark done
Event: 58.211 Executing VM operation: G1PauseCleanup
Event: 58.212 Executing VM operation: G1PauseCleanup done
Event: 58.485 Executing VM operation: G1CollectForAllocation
Event: 58.498 Executing VM operation: G1CollectForAllocation done
Event: 58.781 Executing VM operation: G1CollectForAllocation
Event: 58.786 Executing VM operation: G1CollectForAllocation done
Event: 58.904 Executing VM operation: G1PauseRemark
Event: 58.926 Executing VM operation: G1PauseRemark done
Event: 59.015 Executing VM operation: G1PauseCleanup
Event: 59.035 Executing VM operation: G1PauseCleanup done
Event: 59.255 Executing VM operation: G1CollectForAllocation
Event: 59.261 Executing VM operation: G1CollectForAllocation done

Events (20 events):
Event: 56.429 loading class java/util/stream/SortedOps
Event: 56.431 loading class java/util/stream/SortedOps done
Event: 56.431 loading class java/util/stream/SortedOps$OfInt
Event: 56.431 loading class java/util/stream/IntPipeline$StatefulOp
Event: 56.432 loading class java/util/stream/IntPipeline$StatefulOp done
Event: 56.432 loading class java/util/stream/SortedOps$OfInt done
Event: 56.434 loading class java/util/stream/Nodes$IntFixedNodeBuilder
Event: 56.439 loading class java/util/stream/Node$Builder$OfInt
Event: 56.439 loading class java/util/stream/Node$Builder$OfInt done
Event: 56.439 loading class java/util/stream/Nodes$IntArrayNode
Event: 56.440 loading class java/util/stream/Nodes$IntArrayNode done
Event: 56.440 loading class java/util/stream/Nodes$IntFixedNodeBuilder done
Event: 56.440 loading class java/util/stream/SortedOps$SizedIntSortingSink
Event: 56.440 loading class java/util/stream/SortedOps$AbstractIntSortingSink
Event: 56.440 loading class java/util/stream/SortedOps$AbstractIntSortingSink done
Event: 56.440 loading class java/util/stream/SortedOps$SizedIntSortingSink done
Event: 56.440 loading class java/util/stream/ReferencePipeline$4$1
Event: 56.441 loading class java/util/stream/ReferencePipeline$4$1 done
Event: 56.600 loading class java/util/Collections$SingletonMap
Event: 56.600 loading class java/util/Collections$SingletonMap done


Dynamic libraries:
0x00007ff683be0000 - 0x00007ff683bea000 	F:\Android\jbr\bin\java.exe
0x00007fffea070000 - 0x00007fffea268000 	C:\Windows\SYSTEM32\ntdll.dll
0x00007fffe9470000 - 0x00007fffe9532000 	C:\Windows\System32\KERNEL32.DLL
0x00007fffe7cf0000 - 0x00007fffe7fe6000 	C:\Windows\System32\KERNELBASE.dll
0x00007fffe7710000 - 0x00007fffe7810000 	C:\Windows\System32\ucrtbase.dll
0x00007fff68ce0000 - 0x00007fff68cf7000 	F:\Android\jbr\bin\jli.dll
0x00007fffe8850000 - 0x00007fffe89ed000 	C:\Windows\System32\USER32.dll
0x00007fffe7810000 - 0x00007fffe7832000 	C:\Windows\System32\win32u.dll
0x00007fffe9290000 - 0x00007fffe92bb000 	C:\Windows\System32\GDI32.dll
0x00007fffe79d0000 - 0x00007fffe7aea000 	C:\Windows\System32\gdi32full.dll
0x00007fffe7af0000 - 0x00007fffe7b8d000 	C:\Windows\System32\msvcp_win.dll
0x00007fffe3aa0000 - 0x00007fffe3abb000 	F:\Android\jbr\bin\VCRUNTIME140.dll
0x00007fffdcef0000 - 0x00007fffdd18a000 	C:\Windows\WinSxS\amd64_microsoft.windows.common-controls_6595b64144ccf1df_6.0.19041.5794_none_60bcd33171f2783c\COMCTL32.dll
0x00007fffe89f0000 - 0x00007fffe8a8e000 	C:\Windows\System32\msvcrt.dll
0x00007fffe9200000 - 0x00007fffe922f000 	C:\Windows\System32\IMM32.DLL
0x00007fffe3c60000 - 0x00007fffe3c6c000 	F:\Android\jbr\bin\vcruntime140_1.dll
0x00007fffc3130000 - 0x00007fffc31bd000 	F:\Android\jbr\bin\msvcp140.dll
0x00007fff69580000 - 0x00007fff6a203000 	F:\Android\jbr\bin\server\jvm.dll
0x00007fffe93c0000 - 0x00007fffe946f000 	C:\Windows\System32\ADVAPI32.dll
0x00007fffe9320000 - 0x00007fffe93bf000 	C:\Windows\System32\sechost.dll
0x00007fffe8720000 - 0x00007fffe8843000 	C:\Windows\System32\RPCRT4.dll
0x00007fffe7840000 - 0x00007fffe7867000 	C:\Windows\System32\bcrypt.dll
0x00007fffe7570000 - 0x00007fffe75bb000 	C:\Windows\SYSTEM32\POWRPROF.dll
0x00007fffa25f0000 - 0x00007fffa25f9000 	C:\Windows\SYSTEM32\WSOCK32.dll
0x00007fffde740000 - 0x00007fffde767000 	C:\Windows\SYSTEM32\WINMM.dll
0x00007fffe95c0000 - 0x00007fffe962b000 	C:\Windows\System32\WS2_32.dll
0x00007fffdd350000 - 0x00007fffdd35a000 	C:\Windows\SYSTEM32\VERSION.dll
0x00007fffe7550000 - 0x00007fffe7562000 	C:\Windows\SYSTEM32\UMPDC.dll
0x00007fffe5770000 - 0x00007fffe5782000 	C:\Windows\SYSTEM32\kernel.appcore.dll
0x00007fffe4680000 - 0x00007fffe468a000 	F:\Android\jbr\bin\jimage.dll
0x00007fffdfc40000 - 0x00007fffdfe41000 	C:\Windows\SYSTEM32\DBGHELP.DLL
0x00007fffdf0a0000 - 0x00007fffdf0d4000 	C:\Windows\SYSTEM32\dbgcore.DLL
0x00007fffe78c0000 - 0x00007fffe7942000 	C:\Windows\System32\bcryptPrimitives.dll
0x00007fffe4ca0000 - 0x00007fffe4cae000 	F:\Android\jbr\bin\instrument.dll
0x00007fff90db0000 - 0x00007fff90dd5000 	F:\Android\jbr\bin\java.dll
0x00007fff8d360000 - 0x00007fff8d378000 	F:\Android\jbr\bin\zip.dll
0x00007fffe8a90000 - 0x00007fffe91fe000 	C:\Windows\System32\SHELL32.dll
0x00007fffe5790000 - 0x00007fffe5f33000 	C:\Windows\SYSTEM32\windows.storage.dll
0x00007fffe97e0000 - 0x00007fffe9b33000 	C:\Windows\System32\combase.dll
0x00007fffe7070000 - 0x00007fffe709b000 	C:\Windows\SYSTEM32\Wldp.dll
0x00007fffe9630000 - 0x00007fffe96fd000 	C:\Windows\System32\OLEAUT32.dll
0x00007fffe80a0000 - 0x00007fffe814d000 	C:\Windows\System32\SHCORE.dll
0x00007fffe92c0000 - 0x00007fffe9315000 	C:\Windows\System32\shlwapi.dll
0x00007fffe7640000 - 0x00007fffe7665000 	C:\Windows\SYSTEM32\profapi.dll
0x00007fff6a660000 - 0x00007fff6a679000 	F:\Android\jbr\bin\net.dll
0x00007fffe0330000 - 0x00007fffe043a000 	C:\Windows\SYSTEM32\WINHTTP.dll
0x00007fffe6dd0000 - 0x00007fffe6e3c000 	C:\Windows\system32\mswsock.dll
0x00007fff6a5b0000 - 0x00007fff6a5c6000 	F:\Android\jbr\bin\nio.dll
0x00007fffb9ad0000 - 0x00007fffb9ae0000 	F:\Android\jbr\bin\verify.dll
0x00007fffd9d50000 - 0x00007fffd9d77000 	E:\BluetoothConnectivity-master\.gradle\native\c067742578af261105cb4f569cf0c3c89f3d7b1fecec35dd04571415982c5e48\windows-amd64\native-platform.dll
0x00007fffc3270000 - 0x00007fffc33b4000 	E:\BluetoothConnectivity-master\.gradle\native\38dada09dfb8b06ba9b0570ebf7e218e3eb74d4ef43ca46872605cf95ebc2f47\windows-amd64\native-platform-file-events.dll
0x00007fffe4670000 - 0x00007fffe4679000 	F:\Android\jbr\bin\management.dll
0x00007fffe4650000 - 0x00007fffe465b000 	F:\Android\jbr\bin\management_ext.dll
0x00007fffe82a0000 - 0x00007fffe82a8000 	C:\Windows\System32\PSAPI.DLL
0x00007fffe6fd0000 - 0x00007fffe6fe8000 	C:\Windows\SYSTEM32\CRYPTSP.dll
0x00007fffe66f0000 - 0x00007fffe6728000 	C:\Windows\system32\rsaenh.dll
0x00007fffe7600000 - 0x00007fffe762e000 	C:\Windows\SYSTEM32\USERENV.dll
0x00007fffe6fc0000 - 0x00007fffe6fcc000 	C:\Windows\SYSTEM32\CRYPTBASE.dll
0x00007fffe6ab0000 - 0x00007fffe6aeb000 	C:\Windows\SYSTEM32\IPHLPAPI.DLL
0x00007fffe95b0000 - 0x00007fffe95b8000 	C:\Windows\System32\NSI.dll
0x00007fffe1ce0000 - 0x00007fffe1cf7000 	C:\Windows\SYSTEM32\dhcpcsvc6.DLL
0x00007fffe1b70000 - 0x00007fffe1b8d000 	C:\Windows\SYSTEM32\dhcpcsvc.DLL
0x00007fffe6af0000 - 0x00007fffe6bba000 	C:\Windows\SYSTEM32\DNSAPI.dll
0x00007fffbb1a0000 - 0x00007fffbb1a7000 	C:\Windows\system32\wshunix.dll

dbghelp: loaded successfully - version: 4.0.5 - missing functions: none
symbol engine: initialized successfully - sym options: 0x614 - pdb path: .;F:\Android\jbr\bin;C:\Windows\SYSTEM32;C:\Windows\WinSxS\amd64_microsoft.windows.common-controls_6595b64144ccf1df_6.0.19041.5794_none_60bcd33171f2783c;F:\Android\jbr\bin\server;E:\BluetoothConnectivity-master\.gradle\native\c067742578af261105cb4f569cf0c3c89f3d7b1fecec35dd04571415982c5e48\windows-amd64;E:\BluetoothConnectivity-master\.gradle\native\38dada09dfb8b06ba9b0570ebf7e218e3eb74d4ef43ca46872605cf95ebc2f47\windows-amd64

VM Arguments:
jvm_args: --add-opens=java.base/java.util.concurrent.atomic=ALL-UNNAMED --add-opens=java.base/java.util=ALL-UNNAMED --add-opens=java.base/java.lang=ALL-UNNAMED --add-opens=java.base/java.lang.invoke=ALL-UNNAMED --add-opens=java.prefs/java.util.prefs=ALL-UNNAMED --add-opens=java.base/java.nio.charset=ALL-UNNAMED --add-opens=java.base/java.net=ALL-UNNAMED --add-opens=java.base/java.util.concurrent.atomic=ALL-UNNAMED -Xmx2048m -Dfile.encoding=UTF-8 -Duser.country=IN -Duser.language=en -Duser.variant -javaagent:E:\BluetoothConnectivity-master\.gradle\wrapper\dists\gradle-8.5-bin\5t9huq95ubn472n8rpzujfbqh\gradle-8.5\lib\agents\gradle-instrumentation-agent-8.5.jar 
java_command: org.gradle.launcher.daemon.bootstrap.GradleDaemon 8.5
java_class_path (initial): E:\BluetoothConnectivity-master\.gradle\wrapper\dists\gradle-8.5-bin\5t9huq95ubn472n8rpzujfbqh\gradle-8.5\lib\gradle-launcher-8.5.jar
Launcher Type: SUN_STANDARD

[Global flags]
     intx CICompilerCount                          = 3                                         {product} {ergonomic}
     uint ConcGCThreads                            = 1                                         {product} {ergonomic}
     uint G1ConcRefinementThreads                  = 4                                         {product} {ergonomic}
   size_t G1HeapRegionSize                         = 1048576                                   {product} {ergonomic}
    uintx GCDrainStackTargetSize                   = 64                                        {product} {ergonomic}
   size_t InitialHeapSize                          = 134217728                                 {product} {ergonomic}
   size_t MarkStackSize                            = 4194304                                   {product} {ergonomic}
   size_t MaxHeapSize                              = 2147483648                                {product} {command line}
   size_t MaxNewSize                               = 1287651328                                {product} {ergonomic}
   size_t MinHeapDeltaBytes                        = 1048576                                   {product} {ergonomic}
   size_t MinHeapSize                              = 8388608                                   {product} {ergonomic}
    uintx NonNMethodCodeHeapSize                   = 5832780                                {pd product} {ergonomic}
    uintx NonProfiledCodeHeapSize                  = 122912730                              {pd product} {ergonomic}
    uintx ProfiledCodeHeapSize                     = 122912730                              {pd product} {ergonomic}
    uintx ReservedCodeCacheSize                    = 251658240                              {pd product} {ergonomic}
     bool SegmentedCodeCache                       = true                                      {product} {ergonomic}
   size_t SoftMaxHeapSize                          = 2147483648                             {manageable} {ergonomic}
     bool UseCompressedClassPointers               = true                           {product lp64_product} {ergonomic}
     bool UseCompressedOops                        = true                           {product lp64_product} {ergonomic}
     bool UseG1GC                                  = true                                      {product} {ergonomic}
     bool UseLargePagesIndividualAllocation        = false                                  {pd product} {ergonomic}

Logging:
Log output configuration:
 #0: stdout all=warning uptime,level,tags
 #1: stderr all=off uptime,level,tags

Environment Variables:
PATH=C:\Program Files (x86)\Common Files\Oracle\Java\java8path;C:\Program Files (x86)\Common Files\Oracle\Java\javapath;C:\Python312\Scripts\;C:\Python312\;C:\Python311\Scripts\;C:\Python311\;C:\Windows\system32;C:\Windows;C:\Windows\System32\Wbem;C:\Windows\System32\WindowsPowerShell\v1.0\;C:\Windows\System32\OpenSSH\;C:\Program Files\Amazon\AWSCLIV2\;C:\ProgramData\chocolatey\bin;C:\ProgramData\chocolatey\bin;C:\Program Files\Git\cmd;C:\Program Files\PuTTY\;C:\Users\bhumish\AppData\Roaming\npm;F:\;C:\ProgramData\Microsoft\Windows\Start Menu\Programs\Node.js;C:\Users\bhumish\AppData\Local\Microsoft\WindowsApps;C:\Users\bhumish\AppData\Roaming\npm;E:\Microsoft VS Code\bin;C:\Users\bhumish\AppData\Local\GitHubDesktop\bin
USERNAME=bhumish
OS=Windows_NT
PROCESSOR_IDENTIFIER=Intel64 Family 6 Model 69 Stepping 1, GenuineIntel
TMP=C:\Users\bhumish\AppData\Local\Temp
TEMP=C:\Users\bhumish\AppData\Local\Temp



Periodic native trim disabled

JNI global refs:
JNI global refs: 25, weak refs: 41

JNI global refs memory usage: 843, weak refs: 841

OOME stack traces (most recent first):
Classloader memory used:
Loader org.gradle.internal.classloader.VisitableURLClassLoader                         : 3243K
Loader bootstrap                                                                       : 2379K
Loader org.gradle.initialization.MixInLegacyTypesClassLoader                           : 677K
Loader jdk.internal.loader.ClassLoaders$PlatformClassLoader                            : 67328B
Loader org.gradle.internal.classloader.VisitableURLClassLoader                         : 32963B
Loader jdk.internal.loader.ClassLoaders$AppClassLoader                                 : 28451B
Loader jdk.internal.reflect.DelegatingClassLoader                                      : 16651B
Loader org.gradle.groovy.scripts.internal.DefaultScriptCompilationHandler$ScriptClassLoader: 5956B
Loader org.codehaus.groovy.runtime.callsite.CallSiteClassLoader                        : 876B

Classes loaded by more than one classloader:
Class org.gradle.api.GradleException                                                  : loaded 3 times (x 80B)
Class org.gradle.util.GradleVersion                                                   : loaded 2 times (x 81B)
Class org.gradle.internal.classpath.ClassPath                                         : loaded 2 times (x 68B)
Class org.gradle.api.internal.classpath.DefaultModuleRegistry                         : loaded 2 times (x 84B)
Class org.gradle.internal.exceptions.NonGradleCauseExceptionsHolder                   : loaded 2 times (x 68B)
Class org.gradle.api.Action                                                           : loaded 2 times (x 68B)
Class org.gradle.api.internal.DefaultClassPathProvider                                : loaded 2 times (x 74B)
Class org.gradle.internal.installation.GradleInstallation$1                           : loaded 2 times (x 73B)
Class org.gradle.internal.exceptions.DefaultMultiCauseException                       : loaded 2 times (x 89B)
Class org.gradle.internal.time.MonotonicClock                                         : loaded 2 times (x 75B)
Class org.gradle.internal.classloader.FilteringClassLoader                            : loaded 2 times (x 103B)
Class org.gradle.internal.classpath.DefaultClassPath$ImmutableUniqueList$Builder      : loaded 2 times (x 73B)
Class org.gradle.internal.classloader.ClassLoaderVisitor                              : loaded 2 times (x 74B)
Class org.gradle.internal.time.DefaultCountdownTimer                                  : loaded 2 times (x 86B)
Class org.gradle.internal.service.DefaultServiceLocator                               : loaded 2 times (x 81B)
Class org.gradle.internal.service.UnknownServiceException                             : loaded 2 times (x 81B)
Class org.gradle.internal.classloader.DefaultClassLoaderFactory                       : loaded 2 times (x 80B)
Class org.gradle.internal.classloader.VisitableURLClassLoader$Spec                    : loaded 2 times (x 72B)
Class org.gradle.tooling.model.ProjectModel                                           : loaded 2 times (x 68B)
Class org.gradle.internal.installation.GradleInstallation                             : loaded 2 times (x 73B)
Class org.gradle.api.internal.classpath.ModuleRegistry                                : loaded 2 times (x 68B)
Class org.gradle.api.internal.ClassPathProvider                                       : loaded 2 times (x 68B)
Class org.gradle.internal.classloader.ClasspathUtil$1                                 : loaded 2 times (x 74B)
Class org.gradle.internal.classloader.ClassLoaderFactory                              : loaded 2 times (x 68B)
Class sync_studio_tooling655_deapdg3c0iftffascs6anh66x                                : loaded 2 times (x 177B)
Class org.gradle.api.internal.classpath.ManifestUtil                                  : loaded 2 times (x 69B)
Class org.gradle.api.specs.Spec                                                       : loaded 2 times (x 68B)
Class org.gradle.internal.IoActions                                                   : loaded 2 times (x 69B)
Class org.gradle.api.internal.classpath.EffectiveClassPath                            : loaded 2 times (x 88B)
Class org.gradle.internal.installation.CurrentGradleInstallation                      : loaded 2 times (x 71B)
Class org.gradle.internal.agents.InstrumentingClassLoader                             : loaded 2 times (x 68B)
Class org.gradle.internal.installation.CurrentGradleInstallationLocator               : loaded 2 times (x 69B)
Class org.gradle.api.internal.classpath.Module                                        : loaded 2 times (x 68B)
Class org.gradle.internal.service.CachingServiceLocator                               : loaded 2 times (x 80B)
Class org.gradle.internal.time.Timer                                                  : loaded 2 times (x 68B)
Class org.gradle.internal.classpath.DefaultClassPath                                  : loaded 2 times (x 88B)
Class org.gradle.internal.time.Time                                                   : loaded 2 times (x 69B)
Class org.gradle.internal.time.TimeSource$1                                           : loaded 2 times (x 75B)
Class org.gradle.internal.classloader.SystemClassLoaderSpec                           : loaded 2 times (x 69B)
Class sync_studio_tooling655_deapdg3c0iftffascs6anh66x$_run_closure1                  : loaded 2 times (x 137B)
Class org.gradle.api.UncheckedIOException                                             : loaded 2 times (x 80B)
Class org.gradle.internal.time.CountdownTimer                                         : loaded 2 times (x 68B)
Class org.gradle.internal.time.Clock                                                  : loaded 2 times (x 68B)
Class org.gradle.internal.classloader.ClasspathUtil                                   : loaded 2 times (x 69B)
Class org.gradle.api.internal.DefaultClassPathRegistry                                : loaded 2 times (x 74B)
Class org.gradle.api.internal.classpath.DefaultModuleRegistry$DefaultModule           : loaded 2 times (x 84B)
Class org.gradle.internal.time.TimeSource                                             : loaded 2 times (x 68B)
Class org.gradle.api.internal.classpath.UnknownModuleException                        : loaded 2 times (x 80B)
Class org.gradle.internal.service.ServiceLookupException                              : loaded 2 times (x 80B)
Class org.gradle.cache.GlobalCache                                                    : loaded 2 times (x 68B)
Class [Lorg.gradle.api.internal.ClassPathProvider;                                    : loaded 2 times (x 67B)
Class org.gradle.internal.operations.MultipleBuildOperationFailures                   : loaded 2 times (x 89B)
Class org.gradle.util.internal.GUtil                                                  : loaded 2 times (x 69B)
Class org.gradle.internal.classloader.ClassLoaderSpec                                 : loaded 2 times (x 69B)
Class org.gradle.internal.classloader.VisitableURLClassLoader                         : loaded 2 times (x 115B)
Class org.gradle.internal.Cast                                                        : loaded 2 times (x 69B)
Class org.gradle.api.internal.ClassPathRegistry                                       : loaded 2 times (x 68B)
Class org.gradle.internal.classloader.VisitableURLClassLoader$InstrumentingVisitableURLClassLoader: loaded 2 times (x 121B)
Class org.gradle.internal.classloader.ClassLoaderHierarchy                            : loaded 2 times (x 68B)
Class org.gradle.internal.exceptions.MultiCauseException                              : loaded 2 times (x 68B)
Class org.gradle.internal.InternalTransformer                                         : loaded 2 times (x 68B)
Class org.gradle.internal.service.ServiceLocator                                      : loaded 2 times (x 68B)
Class org.gradle.internal.classpath.DefaultClassPath$ImmutableUniqueList              : loaded 2 times (x 159B)
Class org.gradle.internal.time.DefaultTimer                                           : loaded 2 times (x 78B)
Class org.gradle.internal.classpath.TransformedClassPath                              : loaded 2 times (x 94B)


---------------  S Y S T E M  ---------------

OS:
 Windows 10 , 64 bit Build 19041 (10.0.19041.5794)
OS uptime: 14 days 1:39 hours

CPU: total 4 (initial active 4) (2 cores per cpu, 2 threads per core) family 6 model 69 stepping 1 microcode 0x25, cx8, cmov, fxsr, ht, mmx, sse, sse2, sse3, ssse3, sse4.1, sse4.2, popcnt, lzcnt, tsc, tscinvbit, avx, avx2, aes, erms, clmul, bmi1, bmi2, fma, vzeroupper, clflush
Processor Information for all 4 processors :
  Max Mhz: 2301, Current Mhz: 2301, Mhz Limit: 2301

Memory: 4k page, system-wide physical 8113M (210M free)
TotalPageFile size 17863M (AvailPageFile size 5M)
current process WorkingSet (physical memory assigned to process): 238M, peak: 239M
current process commit charge ("private bytes"): 264M, peak: 267M

vm_info: OpenJDK 64-Bit Server VM (17.0.9+0--11185874) for windows-amd64 JRE (17.0.9+0--11185874), built on Dec  6 2023 18:57:44 by "androidbuild" with MS VC++ 16.10 / 16.11 (VS2019)

END.
