#
# There is insufficient memory for the Java Runtime Environment to continue.
# Native memory allocation (mmap) failed to map 134217728 bytes for G1 virtual space
# Possible reasons:
#   The system is out of physical RAM or swap space
#   The process is running with CompressedOops enabled, and the Java Heap may be blocking the growth of the native heap
# Possible solutions:
#   Reduce memory load on the system
#   Increase physical memory or swap space
#   Check if swap backing store is full
#   Decrease Java heap size (-Xmx/-Xms)
#   Decrease number of Java threads
#   Decrease Java thread stack sizes (-Xss)
#   Set larger code cache with -XX:ReservedCodeCacheSize=
#   JVM is running with Unscaled Compressed Oops mode in which the Java heap is
#     placed in the first 4GB address space. The Java Heap base address is the
#     maximum limit for the native heap growth. Please use -XX:HeapBaseMinAddress
#     to set the Java Heap base and to place the Java Heap above 4GB virtual address.
# This output file may be truncated or incomplete.
#
#  Out of Memory Error (os_windows.cpp:3825), pid=15196, tid=8580
#
# JRE version:  (17.0.9) (build )
# Java VM: OpenJDK 64-Bit Server VM (17.0.9+0--11185874, mixed mode, sharing, tiered, compressed oops, compressed class ptrs, g1 gc, windows-amd64)
# No core dump will be written. Minidumps are not enabled by default on client versions of Windows
#

---------------  S U M M A R Y ------------

Command Line: org.jetbrains.kotlin.cli.jvm.K2JVMCompiler @E:\Android_project\HeartRate2\app\build\20250529_6380600201845551262.compiler.options

Host: Intel(R) Core(TM) i5-4200U CPU @ 1.60GHz, 4 cores, 7G,  Windows 10 , 64 bit Build 19041 (10.0.19041.5794)
Time: Thu May 29 14:44:12 2025 India Standard Time elapsed time: 0.125687 seconds (0d 0h 0m 0s)

---------------  T H R E A D  ---------------

Current thread (0x00000191734cfb70):  JavaThread "Unknown thread" [_thread_in_vm, id=8580, stack(0x0000001826000000,0x0000001826100000)]

Stack: [0x0000001826000000,0x0000001826100000]
Native frames: (J=compiled Java code, j=interpreted, Vv=VM code, C=native code)
V  [jvm.dll+0x6886e9]
V  [jvm.dll+0x841e4a]
V  [jvm.dll+0x843a8e]
V  [jvm.dll+0x8440f3]
V  [jvm.dll+0x24c14f]
V  [jvm.dll+0x685499]
V  [jvm.dll+0x679c2a]
V  [jvm.dll+0x30cf9b]
V  [jvm.dll+0x314446]
V  [jvm.dll+0x36425e]
V  [jvm.dll+0x36448f]
V  [jvm.dll+0x2e2d68]
V  [jvm.dll+0x2e3cd4]
V  [jvm.dll+0x8129f1]
V  [jvm.dll+0x3720c1]
V  [jvm.dll+0x7f152c]
V  [jvm.dll+0x3f5d4f]
V  [jvm.dll+0x3f7981]
C  [jli.dll+0x528f]
C  [ucrtbase.dll+0x21bb2]
C  [KERNEL32.DLL+0x17374]
C  [ntdll.dll+0x4cc91]


---------------  P R O C E S S  ---------------

Threads class SMR info:
_java_thread_list=0x00007fff6a0bef18, length=0, elements={
}

Java Threads: ( => current thread )

Other Threads:
  0x00000191735299d0 GCTaskThread "GC Thread#0" [stack: 0x0000001826200000,0x0000001826300000] [id=13228]
  0x000001917353a6e0 ConcurrentGCThread "G1 Main Marker" [stack: 0x0000001826300000,0x0000001826400000] [id=11448]
  0x000001917353b100 ConcurrentGCThread "G1 Conc#0" [stack: 0x0000001826400000,0x0000001826500000] [id=12004]

[error occurred during error reporting (printing all threads), id 0xc0000005, EXCEPTION_ACCESS_VIOLATION (0xc0000005) at pc=0x00007fff69873937]

VM state: not at safepoint (not fully initialized)

VM Mutex/Monitor currently owned by a thread:  ([mutex/lock_event])
[0x00000191734ca600] Heap_lock - owner thread: 0x00000191734cfb70

Heap address: 0x0000000081200000, size: 2030 MB, Compressed Oops mode: 32-bit

CDS archive(s) mapped at: [0x0000000000000000-0x0000000000000000-0x0000000000000000), size 0, SharedBaseAddress: 0x0000000800000000, ArchiveRelocationMode: 1.
Narrow klass base: 0x0000000000000000, Narrow klass shift: 0, Narrow klass range: 0x0

GC Precious Log:
<Empty>

Heap:
 garbage-first heap   total 0K, used 0K [0x0000000081200000, 0x0000000100000000)
  region size 1024K, 0 young (0K), 0 survivors (0K)
 Metaspace       used 0K, committed 0K, reserved 0K
  class space    used 0K, committed 0K, reserved 0K

Heap Regions: E=young(eden), S=young(survivor), O=old, HS=humongous(starts), HC=humongous(continues), CS=collection set, F=free, OA=open archive, CA=closed archive, TAMS=top-at-mark-start (previous, next)

Card table byte_map: [0x0000019178bb0000,0x0000019178fb0000] _byte_map_base: 0x00000191787a7000

Marking Bits (Prev, Next): (CMBitMap*) 0x0000019173529ff0, (CMBitMap*) 0x000001917352a030
 Prev Bits: [0x00000191793b0000, 0x000001917b368000)
 Next Bits: [0x000001917b370000, 0x000001917d328000)

GC Heap History (0 events):
No events

Dll operation events (1 events):
Event: 0.091 Loaded shared library F:\Android\jbr\bin\java.dll

Deoptimization events (0 events):
No events

Classes unloaded (0 events):
No events

Classes redefined (0 events):
No events

Internal exceptions (0 events):
No events

VM Operations (0 events):
No events

Events (0 events):
No events


Dynamic libraries:
0x00007ff683be0000 - 0x00007ff683bea000 	F:\Android\jbr\bin\java.exe
0x00007fffea070000 - 0x00007fffea268000 	C:\Windows\SYSTEM32\ntdll.dll
0x00007fffe9470000 - 0x00007fffe9532000 	C:\Windows\System32\KERNEL32.DLL
0x00007fffe7cf0000 - 0x00007fffe7fe6000 	C:\Windows\System32\KERNELBASE.dll
0x00007fffe7710000 - 0x00007fffe7810000 	C:\Windows\System32\ucrtbase.dll
0x00007fffe3aa0000 - 0x00007fffe3abb000 	F:\Android\jbr\bin\VCRUNTIME140.dll
0x00007fff68ce0000 - 0x00007fff68cf7000 	F:\Android\jbr\bin\jli.dll
0x00007fffdcef0000 - 0x00007fffdd18a000 	C:\Windows\WinSxS\amd64_microsoft.windows.common-controls_6595b64144ccf1df_6.0.19041.5794_none_60bcd33171f2783c\COMCTL32.dll
0x00007fffe8850000 - 0x00007fffe89ed000 	C:\Windows\System32\USER32.dll
0x00007fffe89f0000 - 0x00007fffe8a8e000 	C:\Windows\System32\msvcrt.dll
0x00007fffe7810000 - 0x00007fffe7832000 	C:\Windows\System32\win32u.dll
0x00007fffe9290000 - 0x00007fffe92bb000 	C:\Windows\System32\GDI32.dll
0x00007fffe79d0000 - 0x00007fffe7aea000 	C:\Windows\System32\gdi32full.dll
0x00007fffe7af0000 - 0x00007fffe7b8d000 	C:\Windows\System32\msvcp_win.dll
0x00007fffe9200000 - 0x00007fffe922f000 	C:\Windows\System32\IMM32.DLL
0x00007fffe3c60000 - 0x00007fffe3c6c000 	F:\Android\jbr\bin\vcruntime140_1.dll
0x00007fffc3130000 - 0x00007fffc31bd000 	F:\Android\jbr\bin\msvcp140.dll
0x00007fff69580000 - 0x00007fff6a203000 	F:\Android\jbr\bin\server\jvm.dll
0x00007fffe93c0000 - 0x00007fffe946f000 	C:\Windows\System32\ADVAPI32.dll
0x00007fffe9320000 - 0x00007fffe93bf000 	C:\Windows\System32\sechost.dll
0x00007fffe8720000 - 0x00007fffe8843000 	C:\Windows\System32\RPCRT4.dll
0x00007fffe7840000 - 0x00007fffe7867000 	C:\Windows\System32\bcrypt.dll
0x00007fffe7570000 - 0x00007fffe75bb000 	C:\Windows\SYSTEM32\POWRPROF.dll
0x00007fffa25f0000 - 0x00007fffa25f9000 	C:\Windows\SYSTEM32\WSOCK32.dll
0x00007fffe95c0000 - 0x00007fffe962b000 	C:\Windows\System32\WS2_32.dll
0x00007fffde740000 - 0x00007fffde767000 	C:\Windows\SYSTEM32\WINMM.dll
0x00007fffdd350000 - 0x00007fffdd35a000 	C:\Windows\SYSTEM32\VERSION.dll
0x00007fffe7550000 - 0x00007fffe7562000 	C:\Windows\SYSTEM32\UMPDC.dll
0x00007fffe5770000 - 0x00007fffe5782000 	C:\Windows\SYSTEM32\kernel.appcore.dll
0x00007fffe4680000 - 0x00007fffe468a000 	F:\Android\jbr\bin\jimage.dll
0x00007fffdfc40000 - 0x00007fffdfe41000 	C:\Windows\SYSTEM32\DBGHELP.DLL
0x00007fffdf0a0000 - 0x00007fffdf0d4000 	C:\Windows\SYSTEM32\dbgcore.DLL
0x00007fffe78c0000 - 0x00007fffe7942000 	C:\Windows\System32\bcryptPrimitives.dll
0x00007fff90db0000 - 0x00007fff90dd5000 	F:\Android\jbr\bin\java.dll

dbghelp: loaded successfully - version: 4.0.5 - missing functions: none
symbol engine: initialized successfully - sym options: 0x614 - pdb path: .;F:\Android\jbr\bin;C:\Windows\SYSTEM32;C:\Windows\WinSxS\amd64_microsoft.windows.common-controls_6595b64144ccf1df_6.0.19041.5794_none_60bcd33171f2783c;F:\Android\jbr\bin\server

VM Arguments:
java_command: org.jetbrains.kotlin.cli.jvm.K2JVMCompiler @E:\Android_project\HeartRate2\app\build\20250529_6380600201845551262.compiler.options
java_class_path (initial): E:\BluetoothConnectivity-master\.gradle\caches\modules-2\files-2.1\org.jetbrains.kotlin\kotlin-compiler-embeddable\1.9.0\2c8c3a7402becca891f12739b3e9fd2dc2adbd7a\kotlin-compiler-embeddable-1.9.0.jar;E:\BluetoothConnectivity-master\.gradle\caches\modules-2\files-2.1\org.jetbrains.kotlin\kotlin-stdlib\1.9.0\8ee15ef0c67dc83d874f412d84378d7f0eb50b63\kotlin-stdlib-1.9.0.jar;E:\BluetoothConnectivity-master\.gradle\caches\modules-2\files-2.1\org.jetbrains.kotlin\kotlin-script-runtime\1.9.0\4b3102cbbb7e1b58d9d1adf89563f00069ffa7d1\kotlin-script-runtime-1.9.0.jar;E:\BluetoothConnectivity-master\.gradle\caches\modules-2\files-2.1\org.jetbrains.kotlin\kotlin-reflect\1.6.10\1cbe9c92c12a94eea200d23c2bbaedaf3daf5132\kotlin-reflect-1.6.10.jar;E:\BluetoothConnectivity-master\.gradle\caches\modules-2\files-2.1\org.jetbrains.kotlin\kotlin-daemon-embeddable\1.9.0\186543f5e28cf8d9a0290fecc2cf34301c40a65c\kotlin-daemon-embeddable-1.9.0.jar;E:\BluetoothConnectivity-master\.gradle\caches\modules-2\files-2.1\org.jetbrains.intellij.deps\trove4j\1.0.20200330\3afb14d5f9ceb459d724e907a21145e8ff394f02\trove4j-1.0.20200330.jar;E:\BluetoothConnectivity-master\.gradle\caches\modules-2\files-2.1\org.jetbrains.kotlin\kotlin-stdlib-common\1.9.0\cd65c21cfd1eec4d44ef09f9f52b6d9f8a720636\kotlin-stdlib-common-1.9.0.jar;E:\BluetoothConnectivity-master\.gradle\caches\modules-2\files-2.1\org.jetbrains\annotations\13.0\919f0dfe192fb4e063e7dacadee7f8bb9a2672a9\annotations-13.0.jar
Launcher Type: SUN_STANDARD

[Global flags]
     intx CICompilerCount                          = 3                                         {product} {ergonomic}
     uint ConcGCThreads                            = 1                                         {product} {ergonomic}
     uint G1ConcRefinementThreads                  = 4                                         {product} {ergonomic}
   size_t G1HeapRegionSize                         = 1048576                                   {product} {ergonomic}
    uintx GCDrainStackTargetSize                   = 64                                        {product} {ergonomic}
   size_t InitialHeapSize                          = 134217728                                 {product} {ergonomic}
   size_t MarkStackSize                            = 4194304                                   {product} {ergonomic}
   size_t MaxHeapSize                              = 2128609280                                {product} {ergonomic}
   size_t MinHeapDeltaBytes                        = 1048576                                   {product} {ergonomic}
   size_t MinHeapSize                              = 8388608                                   {product} {ergonomic}
    uintx NonNMethodCodeHeapSize                   = 5832780                                {pd product} {ergonomic}
    uintx NonProfiledCodeHeapSize                  = 122912730                              {pd product} {ergonomic}
    uintx ProfiledCodeHeapSize                     = 122912730                              {pd product} {ergonomic}
    uintx ReservedCodeCacheSize                    = 251658240                              {pd product} {ergonomic}
     bool SegmentedCodeCache                       = true                                      {product} {ergonomic}
   size_t SoftMaxHeapSize                          = 2128609280                             {manageable} {ergonomic}
     bool UseCompressedClassPointers               = true                           {product lp64_product} {ergonomic}
     bool UseCompressedOops                        = true                           {product lp64_product} {ergonomic}
     bool UseG1GC                                  = true                                      {product} {ergonomic}
     bool UseLargePagesIndividualAllocation        = false                                  {pd product} {ergonomic}

Logging:
Log output configuration:
 #0: stdout all=warning uptime,level,tags
 #1: stderr all=off uptime,level,tags

Environment Variables:
PATH=C:\Program Files (x86)\Common Files\Oracle\Java\java8path;C:\Program Files (x86)\Common Files\Oracle\Java\javapath;C:\Python312\Scripts\;C:\Python312\;C:\Python311\Scripts\;C:\Python311\;C:\Windows\system32;C:\Windows;C:\Windows\System32\Wbem;C:\Windows\System32\WindowsPowerShell\v1.0\;C:\Windows\System32\OpenSSH\;C:\Program Files\Amazon\AWSCLIV2\;C:\ProgramData\chocolatey\bin;C:\ProgramData\chocolatey\bin;C:\Program Files\Git\cmd;C:\Program Files\PuTTY\;C:\Users\bhumish\AppData\Roaming\npm;F:\;C:\ProgramData\Microsoft\Windows\Start Menu\Programs\Node.js;C:\Users\bhumish\AppData\Local\Microsoft\WindowsApps;C:\Users\bhumish\AppData\Roaming\npm;E:\Microsoft VS Code\bin;C:\Users\bhumish\AppData\Local\GitHubDesktop\bin
USERNAME=bhumish
OS=Windows_NT
PROCESSOR_IDENTIFIER=Intel64 Family 6 Model 69 Stepping 1, GenuineIntel
TMP=C:\Users\bhumish\AppData\Local\Temp
TEMP=C:\Users\bhumish\AppData\Local\Temp



Periodic native trim disabled

JNI global refs:
JNI global refs: 0, weak refs: 0

JNI global refs memory usage: 0, weak refs: 0

OOME stack traces (most recent first):
Classloader memory used:


---------------  S Y S T E M  ---------------

OS:
 Windows 10 , 64 bit Build 19041 (10.0.19041.5794)
OS uptime: 14 days 2:50 hours

CPU: total 4 (initial active 4) (2 cores per cpu, 2 threads per core) family 6 model 69 stepping 1 microcode 0x25, cx8, cmov, fxsr, ht, mmx, sse, sse2, sse3, ssse3, sse4.1, sse4.2, popcnt, lzcnt, tsc, tscinvbit, avx, avx2, aes, erms, clmul, bmi1, bmi2, fma, vzeroupper, clflush
Processor Information for all 4 processors :
  Max Mhz: 2301, Current Mhz: 2301, Mhz Limit: 2301

Memory: 4k page, system-wide physical 8113M (961M free)
TotalPageFile size 17863M (AvailPageFile size 107M)
current process WorkingSet (physical memory assigned to process): 10M, peak: 10M
current process commit charge ("private bytes"): 51M, peak: 179M

vm_info: OpenJDK 64-Bit Server VM (17.0.9+0--11185874) for windows-amd64 JRE (17.0.9+0--11185874), built on Dec  6 2023 18:57:44 by "androidbuild" with MS VC++ 16.10 / 16.11 (VS2019)

END.
